#
# There is insufficient memory for the Java Runtime Environment to continue.
# Native memory allocation (mmap) failed to map 73400320 bytes for committing reserved memory.
# Possible reasons:
#   The system is out of physical RAM or swap space
#   In 32 bit mode, the process size limit was hit
# Possible solutions:
#   Reduce memory load on the system
#   Increase physical memory or swap space
#   Check if swap backing store is full
#   Use 64 bit Java on a 64 bit OS
#   Decrease Java heap size (-Xmx/-Xms)
#   Decrease number of Java threads
#   Decrease Java thread stack sizes (-Xss)
#   Set larger code cache with -XX:ReservedCodeCacheSize=
# This output file may be truncated or incomplete.
#
#  Out of Memory Error (os_linux.cpp:2643), pid=47820, tid=0x00007fdd25559700
#
# JRE version: OpenJDK Runtime Environment (8.0_131-b11) (build 1.8.0_131-8u131-b11-2ubuntu1.16.04.3-b11)
# Java VM: OpenJDK 64-Bit Server VM (25.131-b11 mixed mode linux-amd64 compressed oops)
# Failed to write core dump. Core dumps have been disabled. To enable core dumping, try "ulimit -c unlimited" before starting Java again
#

---------------  T H R E A D  ---------------

Current thread (0x00007fdd38073800):  VMThread [stack: 0x00007fdd25459000,0x00007fdd2555a000] [id=47826]

Stack: [0x00007fdd25459000,0x00007fdd2555a000],  sp=0x00007fdd255584a0,  free space=1021k
Native frames: (J=compiled Java code, j=interpreted, Vv=VM code, C=native code)
V  [libjvm.so+0xa6a1bb]
V  [libjvm.so+0x4c5a6c]
V  [libjvm.so+0x8b85a0]
V  [libjvm.so+0x8b2a1e]
V  [libjvm.so+0x92d556]
V  [libjvm.so+0x92e883]
V  [libjvm.so+0x92af33]
V  [libjvm.so+0x923d49]
V  [libjvm.so+0x449933]
V  [libjvm.so+0xa6b749]
V  [libjvm.so+0xa70f57]
V  [libjvm.so+0xa6e727]
V  [libjvm.so+0xa6fbaf]
V  [libjvm.so+0xa700a1]
V  [libjvm.so+0x8b5a82]

VM_Operation (0x00007fdcff19dab0): CollectForMetadataAllocation, mode: safepoint, requested by thread 0x00007fdcf0007000


---------------  P R O C E S S  ---------------

Java Threads: ( => current thread )
  0x00007fdce4256000 JavaThread "Cache worker for file hash cache (/home/prajeeva/IdeaProjects/M2/Cabinet/storage/.gradle/4.1/fileHashes)" [_thread_blocked, id=47849, stack(0x00007fdcfe79f000,0x00007fdcfe8a0000)]
  0x00007fdce412c000 JavaThread "File lock request listener" [_thread_in_native, id=47846, stack(0x00007fdcfeaa0000,0x00007fdcfeba1000)]
  0x00007fdce4166000 JavaThread "Cache worker for file hash cache (/home/prajeeva/.gradle/caches/4.1/fileHashes)" [_thread_blocked, id=47845, stack(0x00007fdcfeba1000,0x00007fdcfeca2000)]
  0x00007fdce4034000 JavaThread "Stdin handler" [_thread_blocked, id=47844, stack(0x00007fdcfeea2000,0x00007fdcfefa3000)]
  0x00007fdce4027000 JavaThread "Asynchronous log dispatcher for DefaultDaemonConnection: socket connection from /127.0.0.1:40387 to /127.0.0.1:40086" [_thread_blocked, id=47843, stack(0x00007fdcfefa3000,0x00007fdcff0a4000)]
  0x00007fdcf0007000 JavaThread "Daemon worker" [_thread_blocked, id=47840, stack(0x00007fdcff0a4000,0x00007fdcff1a5000)]
  0x00007fdcf0004000 JavaThread "Cancel handler" [_thread_blocked, id=47839, stack(0x00007fdcff1a5000,0x00007fdcff2a6000)]
  0x00007fdcf0005800 JavaThread "Handler for socket connection from /127.0.0.1:40387 to /127.0.0.1:40086" [_thread_in_native, id=47838, stack(0x00007fdcff2a6000,0x00007fdcff3a7000)]
  0x00007fdcf4018800 JavaThread "Daemon" [_thread_blocked, id=47837, stack(0x00007fdcff3a7000,0x00007fdcff4a8000)]
  0x00007fdd38c57800 JavaThread "Daemon periodic checks" [_thread_blocked, id=47836, stack(0x00007fdcff4a8000,0x00007fdcff5a9000)]
  0x00007fdd38c2f000 JavaThread "Incoming local TCP Connector on port 40387" [_thread_in_native, id=47835, stack(0x00007fdcff5b0000,0x00007fdcff6b1000)]
  0x00007fdd380af000 JavaThread "Service Thread" daemon [_thread_blocked, id=47832, stack(0x00007fdd24b7b000,0x00007fdd24c7c000)]
  0x00007fdd380ac000 JavaThread "C1 CompilerThread1" daemon [_thread_blocked, id=47831, stack(0x00007fdd24c7c000,0x00007fdd24d7d000)]
  0x00007fdd380a9800 JavaThread "C2 CompilerThread0" daemon [_thread_blocked, id=47830, stack(0x00007fdd24d7d000,0x00007fdd24e7e000)]
  0x00007fdd380a7000 JavaThread "Signal Dispatcher" daemon [_thread_blocked, id=47829, stack(0x00007fdd24e7e000,0x00007fdd24f7f000)]
  0x00007fdd3807f800 JavaThread "Finalizer" daemon [_thread_blocked, id=47828, stack(0x00007fdd25257000,0x00007fdd25358000)]
  0x00007fdd3807b000 JavaThread "Reference Handler" daemon [_thread_blocked, id=47827, stack(0x00007fdd25358000,0x00007fdd25459000)]
  0x00007fdd3800a000 JavaThread "main" [_thread_blocked, id=47822, stack(0x00007fdd3f9ba000,0x00007fdd3fabb000)]

Other Threads:
=>0x00007fdd38073800 VMThread [stack: 0x00007fdd25459000,0x00007fdd2555a000] [id=47826]
  0x00007fdd380b6000 WatcherThread [stack: 0x00007fdd24a7a000,0x00007fdd24b7b000] [id=47833]

VM state:at safepoint (normal execution)

VM Mutex/Monitor currently owned by a thread:  ([mutex/lock_event])
[0x00007fdd38006510] Threads_lock - owner thread: 0x00007fdd38073800
[0x00007fdd38006a10] Heap_lock - owner thread: 0x00007fdcf0007000

Heap:
 PSYoungGen      total 67584K, used 5088K [0x00000000eab00000, 0x00000000ef200000, 0x0000000100000000)
  eden space 62464K, 0% used [0x00000000eab00000,0x00000000eab00000,0x00000000ee800000)
  from space 5120K, 99% used [0x00000000ee800000,0x00000000eecf8040,0x00000000eed00000)
  to   space 5120K, 0% used [0x00000000eed00000,0x00000000eed00000,0x00000000ef200000)
 ParOldGen       total 83456K, used 6807K [0x00000000c0000000, 0x00000000c5180000, 0x00000000eab00000)
  object space 83456K, 8% used [0x00000000c0000000,0x00000000c06a5dd0,0x00000000c5180000)
 Metaspace       used 20751K, capacity 21090K, committed 21248K, reserved 1067008K
  class space    used 2855K, capacity 3016K, committed 3072K, reserved 1048576K

Card table byte_map: [0x00007fdd28dff000,0x00007fdd29000000] byte_map_base: 0x00007fdd287ff000

Marking Bits: (ParMarkBitMap*) 0x00007fdd3ec852c0
 Begin Bits: [0x00007fdd26aa7000, 0x00007fdd27aa7000)
 End Bits:   [0x00007fdd27aa7000, 0x00007fdd28aa7000)

Polling page: 0x00007fdd3fad8000

CodeCache: size=245760Kb used=5329Kb max_used=5329Kb free=240430Kb
 bounds [0x00007fdd29000000, 0x00007fdd29540000, 0x00007fdd38000000]
 total_blobs=2023 nmethods=1642 adapters=295
 compilation: enabled

Compilation events (10 events):
Event: 5.451 Thread 0x00007fdd380ac000 1654       3       java.beans.FeatureDescriptor::setClass0 (9 bytes)
Event: 5.451 Thread 0x00007fdd380ac000 nmethod 1654 0x00007fdd29535610 code [0x00007fdd295357a0, 0x00007fdd29535b28]
Event: 5.452 Thread 0x00007fdd380ac000 1655       3       java.beans.FeatureDescriptor::<init> (5 bytes)
Event: 5.452 Thread 0x00007fdd380ac000 nmethod 1655 0x00007fdd29535cd0 code [0x00007fdd29535e40, 0x00007fdd29535ff0]
Event: 5.452 Thread 0x00007fdd380ac000 1656       3       java.beans.FeatureDescriptor::setName (6 bytes)
Event: 5.452 Thread 0x00007fdd380ac000 nmethod 1656 0x00007fdd29536090 code [0x00007fdd295361e0, 0x00007fdd29536350]
Event: 5.453 Thread 0x00007fdd380ac000 1657       1       org.codehaus.groovy.reflection.GeneratedMetaMethod::getReturnType (5 bytes)
Event: 5.453 Thread 0x00007fdd380ac000 nmethod 1657 0x00007fdd295363d0 code [0x00007fdd29536520, 0x00007fdd29536630]
Event: 5.454 Thread 0x00007fdd380ac000 1658       1       org.codehaus.groovy.util.SingleKeyHashMap$Entry::getKey (5 bytes)
Event: 5.454 Thread 0x00007fdd380ac000 nmethod 1658 0x00007fdd29536690 code [0x00007fdd295367e0, 0x00007fdd295368f0]

GC Heap History (9 events):
Event: 1.031 GC heap before
{Heap before GC invocations=1 (full 0):
 PSYoungGen      total 36352K, used 31232K [0x00000000eab00000, 0x00000000ed380000, 0x0000000100000000)
  eden space 31232K, 100% used [0x00000000eab00000,0x00000000ec980000,0x00000000ec980000)
  from space 5120K, 0% used [0x00000000ece80000,0x00000000ece80000,0x00000000ed380000)
  to   space 5120K, 0% used [0x00000000ec980000,0x00000000ec980000,0x00000000ece80000)
 ParOldGen       total 83456K, used 0K [0x00000000c0000000, 0x00000000c5180000, 0x00000000eab00000)
  object space 83456K, 0% used [0x00000000c0000000,0x00000000c0000000,0x00000000c5180000)
 Metaspace       used 6383K, capacity 6530K, committed 6784K, reserved 1056768K
  class space    used 781K, capacity 843K, committed 896K, reserved 1048576K
Event: 1.038 GC heap after
Heap after GC invocations=1 (full 0):
 PSYoungGen      total 36352K, used 3685K [0x00000000eab00000, 0x00000000ed380000, 0x0000000100000000)
  eden space 31232K, 0% used [0x00000000eab00000,0x00000000eab00000,0x00000000ec980000)
  from space 5120K, 71% used [0x00000000ec980000,0x00000000ecd197b0,0x00000000ece80000)
  to   space 5120K, 0% used [0x00000000ece80000,0x00000000ece80000,0x00000000ed380000)
 ParOldGen       total 83456K, used 8K [0x00000000c0000000, 0x00000000c5180000, 0x00000000eab00000)
  object space 83456K, 0% used [0x00000000c0000000,0x00000000c0002000,0x00000000c5180000)
 Metaspace       used 6383K, capacity 6530K, committed 6784K, reserved 1056768K
  class space    used 781K, capacity 843K, committed 896K, reserved 1048576K
}
Event: 1.734 GC heap before
{Heap before GC invocations=2 (full 0):
 PSYoungGen      total 36352K, used 34917K [0x00000000eab00000, 0x00000000ed380000, 0x0000000100000000)
  eden space 31232K, 100% used [0x00000000eab00000,0x00000000ec980000,0x00000000ec980000)
  from space 5120K, 71% used [0x00000000ec980000,0x00000000ecd197b0,0x00000000ece80000)
  to   space 5120K, 0% used [0x00000000ece80000,0x00000000ece80000,0x00000000ed380000)
 ParOldGen       total 83456K, used 8K [0x00000000c0000000, 0x00000000c5180000, 0x00000000eab00000)
  object space 83456K, 0% used [0x00000000c0000000,0x00000000c0002000,0x00000000c5180000)
 Metaspace       used 10431K, capacity 10664K, committed 10752K, reserved 1058816K
  class space    used 1381K, capacity 1486K, committed 1536K, reserved 1048576K
Event: 1.747 GC heap after
Heap after GC invocations=2 (full 0):
 PSYoungGen      total 36352K, used 4791K [0x00000000eab00000, 0x00000000ef200000, 0x0000000100000000)
  eden space 31232K, 0% used [0x00000000eab00000,0x00000000eab00000,0x00000000ec980000)
  from space 5120K, 93% used [0x00000000ece80000,0x00000000ed32dc28,0x00000000ed380000)
  to   space 5120K, 0% used [0x00000000ec980000,0x00000000ec980000,0x00000000ece80000)
 ParOldGen       total 83456K, used 16K [0x00000000c0000000, 0x00000000c5180000, 0x00000000eab00000)
  object space 83456K, 0% used [0x00000000c0000000,0x00000000c0004000,0x00000000c5180000)
 Metaspace       used 10431K, capacity 10664K, committed 10752K, reserved 1058816K
  class space    used 1381K, capacity 1486K, committed 1536K, reserved 1048576K
}
Event: 2.912 GC heap before
{Heap before GC invocations=3 (full 0):
 PSYoungGen      total 36352K, used 36023K [0x00000000eab00000, 0x00000000ef200000, 0x0000000100000000)
  eden space 31232K, 100% used [0x00000000eab00000,0x00000000ec980000,0x00000000ec980000)
  from space 5120K, 93% used [0x00000000ece80000,0x00000000ed32dc28,0x00000000ed380000)
  to   space 5120K, 0% used [0x00000000ec980000,0x00000000ec980000,0x00000000ece80000)
 ParOldGen       total 83456K, used 16K [0x00000000c0000000, 0x00000000c5180000, 0x00000000eab00000)
  object space 83456K, 0% used [0x00000000c0000000,0x00000000c0004000,0x00000000c5180000)
 Metaspace       used 13642K, capacity 13956K, committed 14208K, reserved 1060864K
  class space    used 1912K, capacity 2050K, committed 2176K, reserved 1048576K
Event: 2.927 GC heap after
Heap after GC invocations=3 (full 0):
 PSYoungGen      total 36352K, used 5102K [0x00000000eab00000, 0x00000000ef200000, 0x0000000100000000)
  eden space 31232K, 0% used [0x00000000eab00000,0x00000000eab00000,0x00000000ec980000)
  from space 5120K, 99% used [0x00000000ec980000,0x00000000ece7bba8,0x00000000ece80000)
  to   space 5120K, 0% used [0x00000000eed00000,0x00000000eed00000,0x00000000ef200000)
 ParOldGen       total 83456K, used 1248K [0x00000000c0000000, 0x00000000c5180000, 0x00000000eab00000)
  object space 83456K, 1% used [0x00000000c0000000,0x00000000c01383c8,0x00000000c5180000)
 Metaspace       used 13642K, capacity 13956K, committed 14208K, reserved 1060864K
  class space    used 1912K, capacity 2050K, committed 2176K, reserved 1048576K
}
Event: 4.363 GC heap before
{Heap before GC invocations=4 (full 0):
 PSYoungGen      total 36352K, used 36334K [0x00000000eab00000, 0x00000000ef200000, 0x0000000100000000)
  eden space 31232K, 100% used [0x00000000eab00000,0x00000000ec980000,0x00000000ec980000)
  from space 5120K, 99% used [0x00000000ec980000,0x00000000ece7bba8,0x00000000ece80000)
  to   space 5120K, 0% used [0x00000000eed00000,0x00000000eed00000,0x00000000ef200000)
 ParOldGen       total 83456K, used 1248K [0x00000000c0000000, 0x00000000c5180000, 0x00000000eab00000)
  object space 83456K, 1% used [0x00000000c0000000,0x00000000c01383c8,0x00000000c5180000)
 Metaspace       used 17286K, capacity 17666K, committed 18048K, reserved 1064960K
  class space    used 2458K, capacity 2600K, committed 2688K, reserved 1048576K
Event: 4.392 GC heap after
Heap after GC invocations=4 (full 0):
 PSYoungGen      total 67584K, used 5102K [0x00000000eab00000, 0x00000000ef200000, 0x0000000100000000)
  eden space 62464K, 0% used [0x00000000eab00000,0x00000000eab00000,0x00000000ee800000)
  from space 5120K, 99% used [0x00000000eed00000,0x00000000ef1fb818,0x00000000ef200000)
  to   space 5120K, 0% used [0x00000000ee800000,0x00000000ee800000,0x00000000eed00000)
 ParOldGen       total 83456K, used 3896K [0x00000000c0000000, 0x00000000c5180000, 0x00000000eab00000)
  object space 83456K, 4% used [0x00000000c0000000,0x00000000c03ce2b0,0x00000000c5180000)
 Metaspace       used 17286K, capacity 17666K, committed 18048K, reserved 1064960K
  class space    used 2458K, capacity 2600K, committed 2688K, reserved 1048576K
}
Event: 5.488 GC heap before
{Heap before GC invocations=5 (full 0):
 PSYoungGen      total 67584K, used 25034K [0x00000000eab00000, 0x00000000ef200000, 0x0000000100000000)
  eden space 62464K, 31% used [0x00000000eab00000,0x00000000ebe770e8,0x00000000ee800000)
  from space 5120K, 99% used [0x00000000eed00000,0x00000000ef1fb818,0x00000000ef200000)
  to   space 5120K, 0% used [0x00000000ee800000,0x00000000ee800000,0x00000000eed00000)
 ParOldGen       total 83456K, used 3896K [0x00000000c0000000, 0x00000000c5180000, 0x00000000eab00000)
  object space 83456K, 4% used [0x00000000c0000000,0x00000000c03ce2b0,0x00000000c5180000)
 Metaspace       used 20751K, capacity 21090K, committed 21248K, reserved 1067008K
  class space    used 2855K, capacity 3016K, committed 3072K, reserved 1048576K

Deoptimization events (10 events):
Event: 4.131 Thread 0x00007fdcf0007000 Uncommon trap: reason=class_check action=maybe_recompile pc=0x00007fdd292043e4 method=java.lang.String.equals(Ljava/lang/Object;)Z @ 8
Event: 4.131 Thread 0x00007fdcf0007000 Uncommon trap: reason=class_check action=maybe_recompile pc=0x00007fdd292043e4 method=java.lang.String.equals(Ljava/lang/Object;)Z @ 8
Event: 4.257 Thread 0x00007fdcf0007000 Uncommon trap: reason=unstable_if action=reinterpret pc=0x00007fdd29217618 method=java.io.UnixFileSystem.normalize(Ljava/lang/String;)Ljava/lang/String; @ 60
Event: 4.257 Thread 0x00007fdcf0007000 Uncommon trap: reason=class_check action=maybe_recompile pc=0x00007fdd291c3764 method=sun.misc.URLClassPath.getLoader(I)Lsun/misc/URLClassPath$Loader; @ 94
Event: 4.257 Thread 0x00007fdcf0007000 Uncommon trap: reason=class_check action=maybe_recompile pc=0x00007fdd292d0a68 method=sun.misc.URLClassPath.getResource(Ljava/lang/String;Z)Lsun/misc/Resource; @ 62
Event: 4.261 Thread 0x00007fdcf0007000 Uncommon trap: reason=unstable_if action=reinterpret pc=0x00007fdd29212aec method=java.io.UnixFileSystem.normalize(Ljava/lang/String;)Ljava/lang/String; @ 60
Event: 4.261 Thread 0x00007fdcf0007000 Uncommon trap: reason=bimorphic action=maybe_recompile pc=0x00007fdd293e5338 method=java.lang.ClassLoader.loadClass(Ljava/lang/String;Z)Ljava/lang/Class; @ 38
Event: 4.261 Thread 0x00007fdcf0007000 Uncommon trap: reason=bimorphic action=maybe_recompile pc=0x00007fdd293e5338 method=java.lang.ClassLoader.loadClass(Ljava/lang/String;Z)Ljava/lang/Class; @ 38
Event: 4.262 Thread 0x00007fdcf0007000 Uncommon trap: reason=bimorphic action=maybe_recompile pc=0x00007fdd293e5338 method=java.lang.ClassLoader.loadClass(Ljava/lang/String;Z)Ljava/lang/Class; @ 38
Event: 4.265 Thread 0x00007fdcf0007000 Uncommon trap: reason=bimorphic action=maybe_recompile pc=0x00007fdd293e5338 method=java.lang.ClassLoader.loadClass(Ljava/lang/String;Z)Ljava/lang/Class; @ 38

Internal exceptions (10 events):
Event: 5.360 Thread 0x00007fdcf0007000 Exception <a 'java/lang/ClassNotFoundException': org/gradle/groovy/scripts/ScriptBeanInfo> (0x00000000ebc2db00) thrown at [/build/openjdk-8-pZyJp3/openjdk-8-8u131-b11/src/hotspot/src/share/vm/classfile/systemDictionary.cpp, line 210]
Event: 5.360 Thread 0x00007fdcf0007000 Exception <a 'java/lang/ClassNotFoundException': groovy/lang/ScriptBeanInfo> (0x00000000ebc3b088) thrown at [/build/openjdk-8-pZyJp3/openjdk-8-8u131-b11/src/hotspot/src/share/vm/classfile/systemDictionary.cpp, line 210]
Event: 5.361 Thread 0x00007fdcf0007000 Exception <a 'java/lang/ClassNotFoundException': groovy/lang/ScriptCustomizer> (0x00000000ebc49360) thrown at [/build/openjdk-8-pZyJp3/openjdk-8-8u131-b11/src/hotspot/src/share/vm/classfile/systemDictionary.cpp, line 210]
Event: 5.366 Thread 0x00007fdcf0007000 Exception <a 'java/lang/ClassNotFoundException': org/gradle/groovy/scripts/ScriptCustomizer> (0x00000000ebc63dc8) thrown at [/build/openjdk-8-pZyJp3/openjdk-8-8u131-b11/src/hotspot/src/share/vm/classfile/systemDictionary.cpp, line 210]
Event: 5.370 Thread 0x00007fdcf0007000 Exception <a 'java/lang/ClassNotFoundException': org/gradle/groovy/scripts/BasicScriptCustomizer> (0x00000000ebc7f078) thrown at [/build/openjdk-8-pZyJp3/openjdk-8-8u131-b11/src/hotspot/src/share/vm/classfile/systemDictionary.cpp, line 210]
Event: 5.374 Thread 0x00007fdcf0007000 Exception <a 'java/lang/ClassNotFoundException': org/gradle/groovy/scripts/DefaultScriptCustomizer> (0x00000000ebca0990) thrown at [/build/openjdk-8-pZyJp3/openjdk-8-8u131-b11/src/hotspot/src/share/vm/classfile/systemDictionary.cpp, line 210]
Event: 5.397 Thread 0x00007fdcf0007000 Exception <a 'java/lang/ClassNotFoundException': org/gradle/initialization/InitScriptCustomizer> (0x00000000ebcf7260) thrown at [/build/openjdk-8-pZyJp3/openjdk-8-8u131-b11/src/hotspot/src/share/vm/classfile/systemDictionary.cpp, line 210]
Event: 5.398 Thread 0x00007fdcf0007000 Exception <a 'java/lang/ClassNotFoundException': ijinit18_7q0exbv1l4rn378lnrz8yjhx7Customizer> (0x00000000ebd0a2b0) thrown at [/build/openjdk-8-pZyJp3/openjdk-8-8u131-b11/src/hotspot/src/share/vm/classfile/systemDictionary.cpp, line 210]
Event: 5.448 Thread 0x00007fdcf0007000 Exception <a 'java/lang/ClassNotFoundException': org/gradle/api/internal/plugins/DefaultExtraPropertiesExtensionBeanInfo> (0x00000000ebdf23a8) thrown at [/build/openjdk-8-pZyJp3/openjdk-8-8u131-b11/src/hotspot/src/share/vm/classfile/systemDictionary.cpp, 
Event: 5.450 Thread 0x00007fdcf0007000 Exception <a 'java/lang/ClassNotFoundException': org/gradle/api/internal/plugins/DefaultExtraPropertiesExtensionCustomizer> (0x00000000ebe09630) thrown at [/build/openjdk-8-pZyJp3/openjdk-8-8u131-b11/src/hotspot/src/share/vm/classfile/systemDictionary.cpp

Events (10 events):
Event: 5.457 loading class org/gradle/api/reflect/TypeOf$2 done
Event: 5.459 loading class org/gradle/model/internal/type/ModelType
Event: 5.459 loading class org/gradle/model/internal/type/ModelType done
Event: 5.461 loading class org/gradle/model/internal/type/ModelType$Simple
Event: 5.461 loading class org/gradle/model/internal/type/ModelType$Simple done
Event: 5.462 loading class org/gradle/model/internal/type/TypeWrapper
Event: 5.462 loading class org/gradle/model/internal/type/TypeWrapper done
Event: 5.464 loading class org/gradle/model/internal/type/ClassTypeWrapper
Event: 5.464 loading class org/gradle/model/internal/type/ClassTypeWrapper done
Event: 5.466 Executing VM operation: CollectForMetadataAllocation


Dynamic libraries:
00400000-00401000 r-xp 00000000 08:01 1071986                            /usr/lib/jvm/java-8-openjdk-amd64/jre/bin/java
00600000-00601000 r--p 00000000 08:01 1071986                            /usr/lib/jvm/java-8-openjdk-amd64/jre/bin/java
00601000-00602000 rw-p 00001000 08:01 1071986                            /usr/lib/jvm/java-8-openjdk-amd64/jre/bin/java
020a4000-020c5000 rw-p 00000000 00:00 0                                  [heap]
c0000000-c5180000 rw-p 00000000 00:00 0 
c5180000-eab00000 ---p 00000000 00:00 0 
eab00000-ef200000 rw-p 00000000 00:00 0 
f3800000-100000000 ---p 00000000 00:00 0 
100000000-100300000 rw-p 00000000 00:00 0 
100300000-140000000 ---p 00000000 00:00 0 
7fdce4000000-7fdce456f000 rw-p 00000000 00:00 0 
7fdce456f000-7fdce8000000 ---p 00000000 00:00 0 
7fdcec000000-7fdcec021000 rw-p 00000000 00:00 0 
7fdcec021000-7fdcf0000000 ---p 00000000 00:00 0 
7fdcf0000000-7fdcf0021000 rw-p 00000000 00:00 0 
7fdcf0021000-7fdcf4000000 ---p 00000000 00:00 0 
7fdcf4000000-7fdcf40a2000 rw-p 00000000 00:00 0 
7fdcf40a2000-7fdcf8000000 ---p 00000000 00:00 0 
7fdcf8000000-7fdcf8021000 rw-p 00000000 00:00 0 
7fdcf8021000-7fdcfc000000 ---p 00000000 00:00 0 
7fdcfe285000-7fdcfe485000 rw-p 00000000 00:00 0 
7fdcfe526000-7fdcfe6e6000 rw-p 00000000 00:00 0 
7fdcfe6e6000-7fdcfe726000 ---p 00000000 00:00 0 
7fdcfe726000-7fdcfe79f000 r--s 010fd000 08:01 1072105                    /usr/lib/jvm/java-8-openjdk-amd64/lib/tools.jar
7fdcfe79f000-7fdcfe7a2000 ---p 00000000 00:00 0 
7fdcfe7a2000-7fdcfeaa0000 rw-p 00000000 00:00 0 
7fdcfeaa0000-7fdcfeaa3000 ---p 00000000 00:00 0 
7fdcfeaa3000-7fdcfeba1000 rw-p 00000000 00:00 0 
7fdcfeba1000-7fdcfeba4000 ---p 00000000 00:00 0 
7fdcfeba4000-7fdcfeea2000 rw-p 00000000 00:00 0 
7fdcfeea2000-7fdcfeea5000 ---p 00000000 00:00 0 
7fdcfeea5000-7fdcfefa3000 rw-p 00000000 00:00 0 
7fdcfefa3000-7fdcfefa6000 ---p 00000000 00:00 0 
7fdcfefa6000-7fdcff0a4000 rw-p 00000000 00:00 0 
7fdcff0a4000-7fdcff0a7000 ---p 00000000 00:00 0 
7fdcff0a7000-7fdcff1a5000 rw-p 00000000 00:00 0 
7fdcff1a5000-7fdcff1a8000 ---p 00000000 00:00 0 
7fdcff1a8000-7fdcff2a6000 rw-p 00000000 00:00 0 
7fdcff2a6000-7fdcff2a9000 ---p 00000000 00:00 0 
7fdcff2a9000-7fdcff3a7000 rw-p 00000000 00:00 0 
7fdcff3a7000-7fdcff3aa000 ---p 00000000 00:00 0 
7fdcff3aa000-7fdcff4a8000 rw-p 00000000 00:00 0 
7fdcff4a8000-7fdcff4ab000 ---p 00000000 00:00 0 
7fdcff4ab000-7fdcff5a9000 rw-p 00000000 00:00 0 
7fdcff5a9000-7fdcff5b0000 r--s 00000000 08:01 152250                     /usr/lib/x86_64-linux-gnu/gconv/gconv-modules.cache
7fdcff5b0000-7fdcff5b3000 ---p 00000000 00:00 0 
7fdcff5b3000-7fdcff6b1000 rw-p 00000000 00:00 0 
7fdcff6b1000-7fdcff6b6000 r--s 0009a000 08:01 1071905                    /usr/lib/jvm/java-8-openjdk-amd64/jre/lib/jsse.jar
7fdcff6b6000-7fdcff8b6000 rw-p 00000000 00:00 0 
7fdcff8b6000-7fdcff8bf000 r-xp 00000000 08:01 1071923                    /usr/lib/jvm/java-8-openjdk-amd64/jre/lib/amd64/libmanagement.so
7fdcff8bf000-7fdcffabe000 ---p 00009000 08:01 1071923                    /usr/lib/jvm/java-8-openjdk-amd64/jre/lib/amd64/libmanagement.so
7fdcffabe000-7fdcffabf000 r--p 00008000 08:01 1071923                    /usr/lib/jvm/java-8-openjdk-amd64/jre/lib/amd64/libmanagement.so
7fdcffabf000-7fdcffac0000 rw-p 00009000 08:01 1071923                    /usr/lib/jvm/java-8-openjdk-amd64/jre/lib/amd64/libmanagement.so
7fdcffac0000-7fdcffac2000 r--s 00007000 08:01 707860                     /home/prajeeva/.gradle/wrapper/dists/gradle-4.1-all/bzyivzo6n839fup2jbap0tjew/gradle-4.1/lib/plugins/gradle-tooling-api-builders-4.1.jar
7fdcffac2000-7fdcffac5000 r--s 00009000 08:01 707870                     /home/prajeeva/.gradle/wrapper/dists/gradle-4.1-all/bzyivzo6n839fup2jbap0tjew/gradle-4.1/lib/plugins/gradle-testing-native-4.1.jar
7fdcffac5000-7fdcffac7000 r--s 00009000 08:01 707943                     /home/prajeeva/.gradle/wrapper/dists/gradle-4.1-all/bzyivzo6n839fup2jbap0tjew/gradle-4.1/lib/plugins/hamcrest-core-1.3.jar
7fdcffac7000-7fdcffacc000 r--s 00040000 08:01 707938                     /home/prajeeva/.gradle/wrapper/dists/gradle-4.1-all/bzyivzo6n839fup2jbap0tjew/gradle-4.1/lib/plugins/bsh-2.0b4.jar
7fdcffacc000-7fdcfface000 r--s 00006000 08:01 707939                     /home/prajeeva/.gradle/wrapper/dists/gradle-4.1-all/bzyivzo6n839fup2jbap0tjew/gradle-4.1/lib/plugins/jcommander-1.12.jar
7fdcfface000-7fdcffad4000 r--s 00033000 08:01 707940                     /home/prajeeva/.gradle/wrapper/dists/gradle-4.1-all/bzyivzo6n839fup2jbap0tjew/gradle-4.1/lib/plugins/snakeyaml-1.6.jar
7fdcffad4000-7fdcffadd000 r--s 00089000 08:01 707898                     /home/prajeeva/.gradle/wrapper/dists/gradle-4.1-all/bzyivzo6n839fup2jbap0tjew/gradle-4.1/lib/plugins/testng-6.3.1.jar
7fdcffadd000-7fdcffae5000 r--s 00045000 08:01 707899                     /home/prajeeva/.gradle/wrapper/dists/gradle-4.1-all/bzyivzo6n839fup2jbap0tjew/gradle-4.1/lib/plugins/junit-4.12.jar
7fdcffae5000-7fdcffaeb000 r--s 0002e000 08:01 707866                     /home/prajeeva/.gradle/wrapper/dists/gradle-4.1-all/bzyivzo6n839fup2jbap0tjew/gradle-4.1/lib/plugins/gradle-testing-jvm-4.1.jar
7fdcffaeb000-7fdcffaef000 r--s 00017000 08:01 707874                     /home/prajeeva/.gradle/wrapper/dists/gradle-4.1-all/bzyivzo6n839fup2jbap0tjew/gradle-4.1/lib/plugins/gradle-testing-base-4.1.jar
7fdcffaef000-7fdcffaf6000 r--s 00038000 08:01 707894                     /home/prajeeva/.gradle/wrapper/dists/gradle-4.1-all/bzyivzo6n839fup2jbap0tjew/gradle-4.1/lib/plugins/bcpg-jdk15on-1.51.jar
7fdcffaf6000-7fdcffaf8000 r--s 0000c000 08:01 707845                     /home/prajeeva/.gradle/wrapper/dists/gradle-4.1-all/bzyivzo6n839fup2jbap0tjew/gradle-4.1/lib/plugins/gradle-signing-4.1.jar
7fdcffaf8000-7fdcffafa000 r--s 00007000 08:01 707851                     /home/prajeeva/.gradle/wrapper/dists/gradle-4.1-all/bzyivzo6n839fup2jbap0tjew/gradle-4.1/lib/plugins/gradle-scala-4.1.jar
7fdcffafa000-7fdcffafb000 r--s 00004000 08:01 707882                     /home/prajeeva/.gradle/wrapper/dists/gradle-4.1-all/bzyivzo6n839fup2jbap0tjew/gradle-4.1/lib/plugins/gradle-resources-sftp-4.1.jar
7fdcffafb000-7fdcffb0b000 r--s 00088000 08:01 707911                     /home/prajeeva/.gradle/wrapper/dists/gradle-4.1-all/bzyivzo6n839fup2jbap0tjew/gradle-4.1/lib/plugins/joda-time-2.8.2.jar
7fdcffb0b000-7fdcffb1c000 r--s 0010d000 08:01 707910                     /home/prajeeva/.gradle/wrapper/dists/gradle-4.1-all/bzyivzo6n839fup2jbap0tjew/gradle-4.1/lib/plugins/jackson-databind-2.6.6.jar
7fdcffb1c000-7fdcffb1f000 r--s 00009000 08:01 707909                     /home/prajeeva/.gradle/wrapper/dists/gradle-4.1-all/bzyivzo6n839fup2jbap0tjew/gradle-4.1/lib/plugins/jackson-annotations-2.6.6.jar
7fdcffb1f000-7fdcffb23000 r--s 0003c000 08:01 707908                     /home/prajeeva/.gradle/wrapper/dists/gradle-4.1-all/bzyivzo6n839fup2jbap0tjew/gradle-4.1/lib/plugins/jackson-core-2.6.6.jar
7fdcffb23000-7fdcffb31000 r--s 00087000 08:01 707907                     /home/prajeeva/.gradle/wrapper/dists/gradle-4.1-all/bzyivzo6n839fup2jbap0tjew/gradle-4.1/lib/plugins/aws-java-sdk-core-1.11.6.jar
7fdcffb31000-7fdcffb38000 r--s 00057000 08:01 707906                     /home/prajeeva/.gradle/wrapper/dists/gradle-4.1-all/bzyivzo6n839fup2jbap0tjew/gradle-4.1/lib/plugins/aws-java-sdk-kms-1.11.6.jar
7fdcffb38000-7fdcffb45000 r--s 0008e000 08:01 707905                     /home/prajeeva/.gradle/wrapper/dists/gradle-4.1-all/bzyivzo6n839fup2jbap0tjew/gradle-4.1/lib/plugins/aws-java-sdk-s3-1.11.6.jar
7fdcffb45000-7fdcffb47000 r--s 00004000 08:01 707879                     /home/prajeeva/.gradle/wrapper/dists/gradle-4.1-all/bzyivzo6n839fup2jbap0tjew/gradle-4.1/lib/plugins/gradle-resources-s3-4.1.jar
7fdcffb47000-7fdcffb49000 r--s 00010000 08:01 707875                     /home/prajeeva/.gradle/wrapper/dists/gradle-4.1-all/bzyivzo6n839fup2jbap0tjew/gradle-4.1/lib/plugins/gradle-reporting-4.1.jar
7fdcffb49000-7fdcffb4b000 r--s 00002000 08:01 707876                     /home/prajeeva/.gradle/wrapper/dists/gradle-4.1-all/bzyivzo6n839fup2jbap0tjew/gradle-4.1/lib/plugins/gradle-publish-4.1.jar
7fdcffb4b000-7fdcffb4d000 r--s 00009000 08:01 707887                     /home/prajeeva/.gradle/wrapper/dists/gradle-4.1-all/bzyivzo6n839fup2jbap0tjew/gradle-4.1/lib/plugins/commons-cli-1.2.jar
7fdcffb4d000-7fdcffb53000 r--s 00036000 08:01 707859                     /home/prajeeva/.gradle/wrapper/dists/gradle-4.1-all/bzyivzo6n839fup2jbap0tjew/gradle-4.1/lib/plugins/gradle-plugins-4.1.jar
7fdcffb53000-7fdcffb55000 r--s 00009000 08:01 707846                     /home/prajeeva/.gradle/wrapper/dists/gradle-4.1-all/bzyivzo6n839fup2jbap0tjew/gradle-4.1/lib/plugins/gradle-plugin-development-4.1.jar
7fdcffb55000-7fdcffb5b000 r--s 0002b000 08:01 707854                     /home/prajeeva/.gradle/wrapper/dists/gradle-4.1-all/bzyivzo6n839fup2jbap0tjew/gradle-4.1/lib/plugins/gradle-platform-play-4.1.jar
7fdcffb5b000-7fdcffb6a000 r--s 0005b000 08:01 707872                     /home/prajeeva/.gradle/wrapper/dists/gradle-4.1-all/bzyivzo6n839fup2jbap0tjew/gradle-4.1/lib/plugins/gradle-platform-native-4.1.jar
7fdcffb6a000-7fdcffb6e000 r--s 0001b000 08:01 707869                     /home/prajeeva/.gradle/wrapper/dists/gradle-4.1-all/bzyivzo6n839fup2jbap0tjew/gradle-4.1/lib/plugins/gradle-platform-jvm-4.1.jar
7fdcffb6e000-7fdcffb76000 r--s 00027000 08:01 707877                     /home/prajeeva/.gradle/wrapper/dists/gradle-4.1-all/bzyivzo6n839fup2jbap0tjew/gradle-4.1/lib/plugins/gradle-platform-base-4.1.jar
7fdcffb76000-7fdcffb9e000 r--s 0021c000 08:01 707888                     /home/prajeeva/.gradle/wrapper/dists/gradle-4.1-all/bzyivzo6n839fup2jbap0tjew/gradle-4.1/lib/plugins/biz.aQute.bndlib-3.2.0.jar
7fdcffb9e000-7fdcffb9f000 r--s 00004000 08:01 707844                     /home/prajeeva/.gradle/wrapper/dists/gradle-4.1-all/bzyivzo6n839fup2jbap0tjew/gradle-4.1/lib/plugins/gradle-osgi-4.1.jar
7fdcffb9f000-7fdcffba2000 r--s 0000c000 08:01 707891                     /home/prajeeva/.gradle/wrapper/dists/gradle-4.1-all/bzyivzo6n839fup2jbap0tjew/gradle-4.1/lib/plugins/pmaven-groovy-0.8-20100325.jar
7fdcffba2000-7fdcffba8000 r--s 00023000 08:01 707847                     /home/prajeeva/.gradle/wrapper/dists/gradle-4.1-all/bzyivzo6n839fup2jbap0tjew/gradle-4.1/lib/plugins/gradle-maven-4.1.jar
7fdcffba8000-7fdcffbab000 r--s 0000b000 08:01 707865                     /home/prajeeva/.gradle/wrapper/dists/gradle-4.1-all/bzyivzo6n839fup2jbap0tjew/gradle-4.1/lib/plugins/gradle-language-scala-4.1.jar
7fdcffbab000-7fdcffbb2000 r--s 00020000 08:01 707871                     /home/prajeeva/.gradle/wrapper/dists/gradle-4.1-all/bzyivzo6n839fup2jbap0tjew/gradle-4.1/lib/plugins/gradle-language-native-4.1.jar
7fdcffbb2000-7fdcffbb4000 r--s 00005000 08:01 707868                     /home/prajeeva/.gradle/wrapper/dists/gradle-4.1-all/bzyivzo6n839fup2jbap0tjew/gradle-4.1/lib/plugins/gradle-language-jvm-4.1.jar
7fdcffbb4000-7fdcffbbb000 r--s 0002f000 08:01 707867                     /home/prajeeva/.gradle/wrapper/dists/gradle-4.1-all/bzyivzo6n839fup2jbap0tjew/gradle-4.1/lib/plugins/gradle-language-java-4.1.jar
7fdcffbbb000-7fdcffbbe000 r--s 0000a000 08:01 707864                     /home/prajeeva/.gradle/wrapper/dists/gradle-4.1-all/bzyivzo6n839fup2jbap0tjew/gradle-4.1/lib/plugins/gradle-language-groovy-4.1.jar
7fdcffbbe000-7fdcffbc5000 r--s 00035000 08:01 707897                     /home/prajeeva/.gradle/wrapper/dists/gradle-4.1-all/bzyivzo6n839fup2jbap0tjew/gradle-4.1/lib/plugins/simple-4.1.21.jar
7fdcffbc5000-7fdcffbd1000 r--s 00100000 08:01 707895                     /home/prajeeva/.gradle/wrapper/dists/gradle-4.1-all/bzyivzo6n839fup2jbap0tjew/gradle-4.1/lib/plugins/rhino-1.7R3.jar
7fdcffbd1000-7fdcffbd5000 r--s 00012000 08:01 707855                     /home/prajeeva/.gradle/wrapper/dists/gradle-4.1-all/bzyivzo6n839fup2jbap0tjew/gradle-4.1/lib/plugins/gradle-javascript-4.1.jar
7fdcffbd5000-7fdcffbd8000 r--s 00011000 08:01 707857                     /home/prajeeva/.gradle/wrapper/dists/gradle-4.1-all/bzyivzo6n839fup2jbap0tjew/gradle-4.1/lib/plugins/gradle-jacoco-4.1.jar
7fdcffbd8000-7fdcffbdb000 r--s 0000e000 08:01 707856                     /home/prajeeva/.gradle/wrapper/dists/gradle-4.1-all/bzyivzo6n839fup2jbap0tjew/gradle-4.1/lib/plugins/gradle-ivy-4.1.jar
7fdcffbdb000-7fdcffbde000 r--s 00013000 08:01 707849                     /home/prajeeva/.gradle/wrapper/dists/gradle-4.1-all/bzyivzo6n839fup2jbap0tjew/gradle-4.1/lib/plugins/gradle-ide-native-4.1.jar
7fdcffbde000-7fdcffbe8000 r--s 00054000 08:01 707850                     /home/prajeeva/.gradle/wrapper/dists/gradle-4.1-all/bzyivzo6n839fup2jbap0tjew/gradle-4.1/lib/plugins/gradle-ide-4.1.jar
7fdcffbe8000-7fdcffbed000 r-xp 00000000 08:01 697672                     /home/prajeeva/.gradle/native/25/linux-amd64/libnative-platform.so
7fdcffbed000-7fdcffdec000 ---p 00005000 08:01 697672                     /home/prajeeva/.gradle/native/25/linux-amd64/libnative-platform.so
7fdcffdec000-7fdcffded000 rw-p 00004000 08:01 697672                     /home/prajeeva/.gradle/native/25/linux-amd64/libnative-platform.so
7fdcffded000-7fdcffdfe000 r-xp 00000000 08:01 1071909                    /usr/lib/jvm/java-8-openjdk-amd64/jre/lib/amd64/libnio.so
7fdcffdfe000-7fdcffffe000 ---p 00011000 08:01 1071909                    /usr/lib/jvm/java-8-openjdk-amd64/jre/lib/amd64/libnio.so
7fdcffffe000-7fdcfffff000 r--p 00011000 08:01 1071909                    /usr/lib/jvm/java-8-openjdk-amd64/jre/lib/amd64/libnio.so
7fdcfffff000-7fdd00000000 rw-p 00012000 08:01 1071909                    /usr/lib/jvm/java-8-openjdk-amd64/jre/lib/amd64/libnio.so
7fdd00000000-7fdd00b03000 rw-p 00000000 00:00 0 
7fdd00b03000-7fdd04000000 ---p 00000000 00:00 0 
7fdd04000000-7fdd04021000 rw-p 00000000 00:00 0 
7fdd04021000-7fdd08000000 ---p 00000000 00:00 0 
7fdd08000000-7fdd08021000 rw-p 00000000 00:00 0 
7fdd08021000-7fdd0c000000 ---p 00000000 00:00 0 
7fdd0c000000-7fdd0d8e9000 rw-p 00000000 00:00 0 
7fdd0d8e9000-7fdd10000000 ---p 00000000 00:00 0 
7fdd10000000-7fdd10021000 rw-p 00000000 00:00 0 
7fdd10021000-7fdd14000000 ---p 00000000 00:00 0 
7fdd14000000-7fdd14021000 rw-p 00000000 00:00 0 
7fdd14021000-7fdd18000000 ---p 00000000 00:00 0 
7fdd18000000-7fdd1803f000 rw-p 00000000 00:00 0 
7fdd1803f000-7fdd1c000000 ---p 00000000 00:00 0 
7fdd1c000000-7fdd1c021000 rw-p 00000000 00:00 0 
7fdd1c021000-7fdd20000000 ---p 00000000 00:00 0 
7fdd20000000-7fdd20021000 rw-p 00000000 00:00 0 
7fdd20021000-7fdd24000000 ---p 00000000 00:00 0 
7fdd24000000-7fdd24001000 r--s 00004000 08:01 707890                     /home/prajeeva/.gradle/wrapper/dists/gradle-4.1-all/bzyivzo6n839fup2jbap0tjew/gradle-4.1/lib/plugins/pmaven-common-0.8-20100325.jar
7fdd24001000-7fdd24002000 r--s 00002000 08:01 707848                     /home/prajeeva/.gradle/wrapper/dists/gradle-4.1-all/bzyivzo6n839fup2jbap0tjew/gradle-4.1/lib/plugins/gradle-ide-play-4.1.jar
7fdd24002000-7fdd24004000 r--s 00007000 08:01 707853                     /home/prajeeva/.gradle/wrapper/dists/gradle-4.1-all/bzyivzo6n839fup2jbap0tjew/gradle-4.1/lib/plugins/gradle-ear-4.1.jar
7fdd24004000-7fdd24006000 r--s 00005000 08:01 707885                     /home/prajeeva/.gradle/wrapper/dists/gradle-4.1-all/bzyivzo6n839fup2jbap0tjew/gradle-4.1/lib/plugins/jatl-0.2.2.jar
7fdd24006000-7fdd2400d000 r--s 00038000 08:01 707873                     /home/prajeeva/.gradle/wrapper/dists/gradle-4.1-all/bzyivzo6n839fup2jbap0tjew/gradle-4.1/lib/plugins/gradle-diagnostics-4.1.jar
7fdd2400d000-7fdd2400f000 r--s 0000b000 08:01 707862                     /home/prajeeva/.gradle/wrapper/dists/gradle-4.1-all/bzyivzo6n839fup2jbap0tjew/gradle-4.1/lib/plugins/gradle-composite-builds-4.1.jar
7fdd2400f000-7fdd24014000 r--s 00025000 08:01 707842                     /home/prajeeva/.gradle/wrapper/dists/gradle-4.1-all/bzyivzo6n839fup2jbap0tjew/gradle-4.1/lib/plugins/gradle-code-quality-4.1.jar
7fdd24014000-7fdd24019000 r--s 00022000 08:01 707858                     /home/prajeeva/.gradle/wrapper/dists/gradle-4.1-all/bzyivzo6n839fup2jbap0tjew/gradle-4.1/lib/plugins/gradle-build-init-4.1.jar
7fdd24019000-7fdd2401f000 r--s 0008e000 08:01 707852                     /home/prajeeva/.gradle/wrapper/dists/gradle-4.1-all/bzyivzo6n839fup2jbap0tjew/gradle-4.1/lib/plugins/gradle-build-comparison-4.1.jar
7fdd2401f000-7fdd24020000 r--s 00002000 08:01 707880                     /home/prajeeva/.gradle/wrapper/dists/gradle-4.1-all/bzyivzo6n839fup2jbap0tjew/gradle-4.1/lib/plugins/gradle-build-cache-http-4.1.jar
7fdd24020000-7fdd24022000 r--s 00008000 08:01 707843                     /home/prajeeva/.gradle/wrapper/dists/gradle-4.1-all/bzyivzo6n839fup2jbap0tjew/gradle-4.1/lib/plugins/gradle-antlr-4.1.jar
7fdd24022000-7fdd24024000 r--s 00004000 08:01 707863                     /home/prajeeva/.gradle/wrapper/dists/gradle-4.1-all/bzyivzo6n839fup2jbap0tjew/gradle-4.1/lib/plugins/gradle-announce-4.1.jar
7fdd24024000-7fdd24026000 r--s 00008000 08:01 707783                     /home/prajeeva/.gradle/wrapper/dists/gradle-4.1-all/bzyivzo6n839fup2jbap0tjew/gradle-4.1/lib/gradle-kotlin-dsl-tooling-builders-0.10.3.jar
7fdd24026000-7fdd24029000 r--s 0001c000 08:01 707901                     /home/prajeeva/.gradle/wrapper/dists/gradle-4.1-all/bzyivzo6n839fup2jbap0tjew/gradle-4.1/lib/plugins/nekohtml-1.9.14.jar
7fdd24029000-7fdd24031000 r--s 00028000 08:01 707942                     /home/prajeeva/.gradle/wrapper/dists/gradle-4.1-all/bzyivzo6n839fup2jbap0tjew/gradle-4.1/lib/plugins/xml-apis-1.3.04.jar
7fdd24031000-7fdd24049000 r--s 00115000 08:01 707902                     /home/prajeeva/.gradle/wrapper/dists/gradle-4.1-all/bzyivzo6n839fup2jbap0tjew/gradle-4.1/lib/plugins/xercesImpl-2.9.1.jar
7fdd24049000-7fdd2404f000 r--s 0005b000 08:01 707900                     /home/prajeeva/.gradle/wrapper/dists/gradle-4.1-all/bzyivzo6n839fup2jbap0tjew/gradle-4.1/lib/plugins/jcifs-1.3.17.jar
7fdd2404f000-7fdd24056000 r--s 00049000 08:01 707941                     /home/prajeeva/.gradle/wrapper/dists/gradle-4.1-all/bzyivzo6n839fup2jbap0tjew/gradle-4.1/lib/plugins/httpcore-4.4.4.jar
7fdd24056000-7fdd2405c000 r--s 00033000 08:01 707893                     /home/prajeeva/.gradle/wrapper/dists/gradle-4.1-all/bzyivzo6n839fup2jbap0tjew/gradle-4.1/lib/plugins/commons-codec-1.6.jar
7fdd2405c000-7fdd24069000 r--s 000a4000 08:01 707886                     /home/prajeeva/.gradle/wrapper/dists/gradle-4.1-all/bzyivzo6n839fup2jbap0tjew/gradle-4.1/lib/plugins/httpclient-4.4.1.jar
7fdd24069000-7fdd2406b000 r--s 0000b000 08:01 707881                     /home/prajeeva/.gradle/wrapper/dists/gradle-4.1-all/bzyivzo6n839fup2jbap0tjew/gradle-4.1/lib/plugins/gradle-resources-http-4.1.jar
7fdd2406b000-7fdd2406f000 r--s 00017000 08:01 707878                     /home/prajeeva/.gradle/wrapper/dists/gradle-4.1-all/bzyivzo6n839fup2jbap0tjew/gradle-4.1/lib/plugins/gradle-plugin-use-4.1.jar
7fdd2406f000-7fdd24070000 r--s 00000000 08:01 707789                     /home/prajeeva/.gradle/wrapper/dists/gradle-4.1-all/bzyivzo6n839fup2jbap0tjew/gradle-4.1/lib/gradle-runtime-api-info-4.1.jar
7fdd24070000-7fdd24071000 r--s 00000000 08:01 707792                     /home/prajeeva/.gradle/wrapper/dists/gradle-4.1-all/bzyivzo6n839fup2jbap0tjew/gradle-4.1/lib/gradle-installation-beacon-4.1.jar
7fdd24071000-7fdd240b1000 r--s 00277000 08:01 707913                     /home/prajeeva/.gradle/wrapper/dists/gradle-4.1-all/bzyivzo6n839fup2jbap0tjew/gradle-4.1/lib/plugins/bcprov-jdk15on-1.51.jar
7fdd240b1000-7fdd240b5000 r--s 0001d000 08:01 707912                     /home/prajeeva/.gradle/wrapper/dists/gradle-4.1-all/bzyivzo6n839fup2jbap0tjew/gradle-4.1/lib/plugins/xbean-reflect-3.4.jar
7fdd240b5000-7fdd240b7000 r--s 0000a000 08:01 707914                     /home/prajeeva/.gradle/wrapper/dists/gradle-4.1-all/bzyivzo6n839fup2jbap0tjew/gradle-4.1/lib/plugins/maven-settings-3.0.4.jar
7fdd240b7000-7fdd240ba000 r--s 00008000 08:01 707915                     /home/prajeeva/.gradle/wrapper/dists/gradle-4.1-all/bzyivzo6n839fup2jbap0tjew/gradle-4.1/lib/plugins/maven-settings-builder-3.0.4.jar
7fdd240ba000-7fdd240be000 r--s 00033000 08:01 707916                     /home/prajeeva/.gradle/wrapper/dists/gradle-4.1-all/bzyivzo6n839fup2jbap0tjew/gradle-4.1/lib/plugins/plexus-utils-2.0.6.jar
7fdd240be000-7fdd240c0000 r--s 0000d000 08:01 707917                     /home/prajeeva/.gradle/wrapper/dists/gradle-4.1-all/bzyivzo6n839fup2jbap0tjew/gradle-4.1/lib/plugins/plexus-interpolation-1.14.jar
7fdd240c0000-7fdd240c2000 r--s 00000000 08:01 707892                     /home/prajeeva/.gradle/wrapper/dists/gradle-4.1-all/bzyivzo6n839fup2jbap0tjew/gradle-4.1/lib/plugins/plexus-component-annotations-1.5.5.jar
7fdd240c2000-7fdd240c9000 r--s 0002e000 08:01 707918                     /home/prajeeva/.gradle/wrapper/dists/gradle-4.1-all/bzyivzo6n839fup2jbap0tjew/gradle-4.1/lib/plugins/plexus-container-default-1.5.5.jar
7fdd240c9000-7fdd240cb000 r--s 0000a000 08:01 707919                     /home/prajeeva/.gradle/wrapper/dists/gradle-4.1-all/bzyivzo6n839fup2jbap0tjew/gradle-4.1/lib/plugins/plexus-classworlds-2.4.jar
7fdd240cb000-7fdd240cd000 r--s 00002000 08:01 707920                     /home/prajeeva/.gradle/wrapper/dists/gradle-4.1-all/bzyivzo6n839fup2jbap0tjew/gradle-4.1/lib/plugins/plexus-cipher-1.7.jar
7fdd240cd000-7fdd240ce000 r--s 00006000 08:01 707921                     /home/prajeeva/.gradle/wrapper/dists/gradle-4.1-all/bzyivzo6n839fup2jbap0tjew/gradle-4.1/lib/plugins/plexus-sec-dispatcher-1.3.jar
7fdd240ce000-7fdd240d4000 r--s 0003f000 08:01 707922                     /home/prajeeva/.gradle/wrapper/dists/gradle-4.1-all/bzyivzo6n839fup2jbap0tjew/gradle-4.1/lib/plugins/maven-compat-3.0.4.jar
7fdd240d4000-7fdd240d8000 r--s 00021000 08:01 707923                     /home/prajeeva/.gradle/wrapper/dists/gradle-4.1-all/bzyivzo6n839fup2jbap0tjew/gradle-4.1/lib/plugins/maven-model-builder-3.0.4.jar
7fdd240d8000-7fdd240da000 r--s 00026000 08:01 707924                     /home/prajeeva/.gradle/wrapper/dists/gradle-4.1-all/bzyivzo6n839fup2jbap0tjew/gradle-4.1/lib/plugins/maven-model-3.0.4.jar
7fdd240da000-7fdd240dc000 r--s 0000b000 08:01 707925                     /home/prajeeva/.gradle/wrapper/dists/gradle-4.1-all/bzyivzo6n839fup2jbap0tjew/gradle-4.1/lib/plugins/maven-artifact-3.0.4.jar
7fdd240dc000-7fdd240de000 r--s 00006000 08:01 707926                     /home/prajeeva/.gradle/wrapper/dists/gradle-4.1-all/bzyivzo6n839fup2jbap0tjew/gradle-4.1/lib/plugins/maven-repository-metadata-3.0.4.jar
7fdd240de000-7fdd240e0000 r--s 0000b000 08:01 707927                     /home/prajeeva/.gradle/wrapper/dists/gradle-4.1-all/bzyivzo6n839fup2jbap0tjew/gradle-4.1/lib/plugins/maven-plugin-api-3.0.4.jar
7fdd240e0000-7fdd240e2000 r--s 0000c000 08:01 707928                     /home/prajeeva/.gradle/wrapper/dists/gradle-4.1-all/bzyivzo6n839fup2jbap0tjew/gradle-4.1/lib/plugins/maven-aether-provider-3.0.4.jar
7fdd240e2000-7fdd240e3000 r--s 00002000 08:01 707929                     /home/prajeeva/.gradle/wrapper/dists/gradle-4.1-all/bzyivzo6n839fup2jbap0tjew/gradle-4.1/lib/plugins/wagon-file-2.4.jar
7fdd240e3000-7fdd240e4000 r--s 00002000 08:01 707930                     /home/prajeeva/.gradle/wrapper/dists/gradle-4.1-all/bzyivzo6n839fup2jbap0tjew/gradle-4.1/lib/plugins/wagon-http-2.4.jar
7fdd240e4000-7fdd240e6000 r--s 0000b000 08:01 707931                     /home/prajeeva/.gradle/wrapper/dists/gradle-4.1-all/bzyivzo6n839fup2jbap0tjew/gradle-4.1/lib/plugins/wagon-provider-api-2.4.jar
7fdd240e6000-7fdd240e7000 r--s 00007000 08:01 707932                     /home/prajeeva/.gradle/wrapper/dists/gradle-4.1-all/bzyivzo6n839fup2jbap0tjew/gradle-4.1/lib/plugins/wagon-http-shared4-2.4.jar
7fdd240e7000-7fdd240ea000 r--s 00013000 08:01 707933                     /home/prajeeva/.gradle/wrapper/dists/gradle-4.1-all/bzyivzo6n839fup2jbap0tjew/gradle-4.1/lib/plugins/aether-api-1.13.1.jar
7fdd240ea000-7fdd240ed000 r--s 0001d000 08:01 707934                     /home/prajeeva/.gradle/wrapper/dists/gradle-4.1-all/bzyivzo6n839fup2jbap0tjew/gradle-4.1/lib/plugins/aether-impl-1.13.1.jar
7fdd240ed000-7fdd240ee000 r--s 00003000 08:01 707935                     /home/prajeeva/.gradle/wrapper/dists/gradle-4.1-all/bzyivzo6n839fup2jbap0tjew/gradle-4.1/lib/plugins/aether-spi-1.13.1.jar
7fdd240ee000-7fdd240f2000 r--s 0001c000 08:01 707936                     /home/prajeeva/.gradle/wrapper/dists/gradle-4.1-all/bzyivzo6n839fup2jbap0tjew/gradle-4.1/lib/plugins/aether-util-1.13.1.jar
7fdd240f2000-7fdd240f4000 r--s 00006000 08:01 707937                     /home/prajeeva/.gradle/wrapper/dists/gradle-4.1-all/bzyivzo6n839fup2jbap0tjew/gradle-4.1/lib/plugins/aether-connector-wagon-1.13.1.jar
7fdd240f4000-7fdd24100000 r--s 0007d000 08:01 707889                     /home/prajeeva/.gradle/wrapper/dists/gradle-4.1-all/bzyivzo6n839fup2jbap0tjew/gradle-4.1/lib/plugins/maven-core-3.0.4.jar
7fdd24100000-7fdd24105000 r--s 00034000 08:01 707896                     /home/prajeeva/.gradle/wrapper/dists/gradle-4.1-all/bzyivzo6n839fup2jbap0tjew/gradle-4.1/lib/plugins/gson-2.7.jar
7fdd24105000-7fdd2410a000 r--s 00040000 08:01 707904                     /home/prajeeva/.gradle/wrapper/dists/gradle-4.1-all/bzyivzo6n839fup2jbap0tjew/gradle-4.1/lib/plugins/jsch-0.1.54.jar
7fdd2410a000-7fdd24119000 r--s 000d9000 08:01 707903                     /home/prajeeva/.gradle/wrapper/dists/gradle-4.1-all/bzyivzo6n839fup2jbap0tjew/gradle-4.1/lib/plugins/ivy-2.2.0.jar
7fdd24119000-7fdd2413d000 r--s 0011a000 08:01 707884                     /home/prajeeva/.gradle/wrapper/dists/gradle-4.1-all/bzyivzo6n839fup2jbap0tjew/gradle-4.1/lib/plugins/gradle-dependency-management-4.1.jar
7fdd2413d000-7fdd24140000 r--s 0000d000 08:01 707883                     /home/prajeeva/.gradle/wrapper/dists/gradle-4.1-all/bzyivzo6n839fup2jbap0tjew/gradle-4.1/lib/plugins/gradle-workers-4.1.jar
7fdd24140000-7fdd24441000 rw-p 00000000 00:00 0 
7fdd24441000-7fdd24458000 r-xp 00000000 08:01 1071929                    /usr/lib/jvm/java-8-openjdk-amd64/jre/lib/amd64/libnet.so
7fdd24458000-7fdd24657000 ---p 00017000 08:01 1071929                    /usr/lib/jvm/java-8-openjdk-amd64/jre/lib/amd64/libnet.so
7fdd24657000-7fdd24658000 r--p 00016000 08:01 1071929                    /usr/lib/jvm/java-8-openjdk-amd64/jre/lib/amd64/libnet.so
7fdd24658000-7fdd24659000 rw-p 00017000 08:01 1071929                    /usr/lib/jvm/java-8-openjdk-amd64/jre/lib/amd64/libnet.so
7fdd24659000-7fdd2465a000 r--s 00006000 08:01 707791                     /home/prajeeva/.gradle/wrapper/dists/gradle-4.1-all/bzyivzo6n839fup2jbap0tjew/gradle-4.1/lib/gradle-wrapper-4.1.jar
7fdd2465a000-7fdd24667000 r--s 00043000 08:01 707790                     /home/prajeeva/.gradle/wrapper/dists/gradle-4.1-all/bzyivzo6n839fup2jbap0tjew/gradle-4.1/lib/gradle-tooling-api-4.1.jar
7fdd24667000-7fdd24676000 r--s 000c8000 08:01 707787                     /home/prajeeva/.gradle/wrapper/dists/gradle-4.1-all/bzyivzo6n839fup2jbap0tjew/gradle-4.1/lib/kotlin-stdlib-1.1.3-2.jar
7fdd24676000-7fdd246a8000 r--s 0021b000 08:01 707786                     /home/prajeeva/.gradle/wrapper/dists/gradle-4.1-all/bzyivzo6n839fup2jbap0tjew/gradle-4.1/lib/kotlin-reflect-1.1.3-2.jar
7fdd246a8000-7fdd246e4000 rw-p 00000000 00:00 0 
7fdd246e4000-7fdd2489b000 r--s 01786000 08:01 707785                     /home/prajeeva/.gradle/wrapper/dists/gradle-4.1-all/bzyivzo6n839fup2jbap0tjew/gradle-4.1/lib/kotlin-compiler-embeddable-1.1.3-2.jar
7fdd2489b000-7fdd2489c000 r--s 00000000 08:01 707784                     /home/prajeeva/.gradle/wrapper/dists/gradle-4.1-all/bzyivzo6n839fup2jbap0tjew/gradle-4.1/lib/gradle-kotlin-dsl-tooling-models-0.10.3.jar
7fdd2489c000-7fdd2489d000 r--s 00001000 08:01 707782                     /home/prajeeva/.gradle/wrapper/dists/gradle-4.1-all/bzyivzo6n839fup2jbap0tjew/gradle-4.1/lib/gradle-kotlin-dsl-compiler-plugin-0.10.3.jar
7fdd2489d000-7fdd2489f000 r--s 00003000 08:01 707780                     /home/prajeeva/.gradle/wrapper/dists/gradle-4.1-all/bzyivzo6n839fup2jbap0tjew/gradle-4.1/lib/annotations-13.0.jar
7fdd2489f000-7fdd248a9000 r--s 00073000 08:01 707781                     /home/prajeeva/.gradle/wrapper/dists/gradle-4.1-all/bzyivzo6n839fup2jbap0tjew/gradle-4.1/lib/gradle-kotlin-dsl-0.10.3.jar
7fdd248a9000-7fdd248ae000 r--s 00013000 08:01 707797                     /home/prajeeva/.gradle/wrapper/dists/gradle-4.1-all/bzyivzo6n839fup2jbap0tjew/gradle-4.1/lib/gradle-resources-4.1.jar
7fdd248ae000-7fdd248b0000 r--s 00005000 08:01 707804                     /home/prajeeva/.gradle/wrapper/dists/gradle-4.1-all/bzyivzo6n839fup2jbap0tjew/gradle-4.1/lib/gradle-cli-4.1.jar
7fdd248b0000-7fdd248b2000 r--s 00003000 08:01 707811                     /home/prajeeva/.gradle/wrapper/dists/gradle-4.1-all/bzyivzo6n839fup2jbap0tjew/gradle-4.1/lib/jcl-over-slf4j-1.7.10.jar
7fdd248b2000-7fdd248b3000 r--s 00005000 08:01 707810                     /home/prajeeva/.gradle/wrapper/dists/gradle-4.1-all/bzyivzo6n839fup2jbap0tjew/gradle-4.1/lib/log4j-over-slf4j-1.7.10.jar
7fdd248b3000-7fdd248b5000 r--s 00000000 08:01 707809                     /home/prajeeva/.gradle/wrapper/dists/gradle-4.1-all/bzyivzo6n839fup2jbap0tjew/gradle-4.1/lib/jul-to-slf4j-1.7.10.jar
7fdd248b5000-7fdd248bc000 r--s 0002c000 08:01 707795                     /home/prajeeva/.gradle/wrapper/dists/gradle-4.1-all/bzyivzo6n839fup2jbap0tjew/gradle-4.1/lib/gradle-logging-4.1.jar
7fdd248bc000-7fdd248cc000 r--s 00082000 08:01 707800                     /home/prajeeva/.gradle/wrapper/dists/gradle-4.1-all/bzyivzo6n839fup2jbap0tjew/gradle-4.1/lib/gradle-model-core-4.1.jar
7fdd248cc000-7fdd248ce000 r--s 00006000 08:01 707801                     /home/prajeeva/.gradle/wrapper/dists/gradle-4.1-all/bzyivzo6n839fup2jbap0tjew/gradle-4.1/lib/gradle-base-services-groovy-4.1.jar
7fdd248ce000-7fdd248d0000 r--s 00007000 08:01 707799                     /home/prajeeva/.gradle/wrapper/dists/gradle-4.1-all/bzyivzo6n839fup2jbap0tjew/gradle-4.1/lib/gradle-model-groovy-4.1.jar
7fdd248d0000-7fdd248d1000 r--s 00002000 08:01 707823                     /home/prajeeva/.gradle/wrapper/dists/gradle-4.1-all/bzyivzo6n839fup2jbap0tjew/gradle-4.1/lib/gradle-docs-4.1.jar
7fdd248d1000-7fdd248de000 r--s 00083000 08:01 707821                     /home/prajeeva/.gradle/wrapper/dists/gradle-4.1-all/bzyivzo6n839fup2jbap0tjew/gradle-4.1/lib/commons-collections-3.2.2.jar
7fdd248de000-7fdd248df000 r--s 00000000 08:01 707820                     /home/prajeeva/.gradle/wrapper/dists/gradle-4.1-all/bzyivzo6n839fup2jbap0tjew/gradle-4.1/lib/javax.inject-1.jar
7fdd248df000-7fdd2494f000 r--s 00645000 08:01 707818                     /home/prajeeva/.gradle/wrapper/dists/gradle-4.1-all/bzyivzo6n839fup2jbap0tjew/gradle-4.1/lib/groovy-all-2.4.11.jar
7fdd2494f000-7fdd24952000 r--s 00023000 08:01 707824                     /home/prajeeva/.gradle/wrapper/dists/gradle-4.1-all/bzyivzo6n839fup2jbap0tjew/gradle-4.1/lib/jansi-1.14.jar
7fdd24952000-7fdd24953000 r--s 00004000 08:01 707826                     /home/prajeeva/.gradle/wrapper/dists/gradle-4.1-all/bzyivzo6n839fup2jbap0tjew/gradle-4.1/lib/native-platform-freebsd-amd64-libcpp-0.14.jar
7fdd24953000-7fdd24954000 r--s 00004000 08:01 707827                     /home/prajeeva/.gradle/wrapper/dists/gradle-4.1-all/bzyivzo6n839fup2jbap0tjew/gradle-4.1/lib/native-platform-freebsd-amd64-libstdcpp-0.14.jar
7fdd24954000-7fdd24955000 r--s 00004000 08:01 707828                     /home/prajeeva/.gradle/wrapper/dists/gradle-4.1-all/bzyivzo6n839fup2jbap0tjew/gradle-4.1/lib/native-platform-freebsd-i386-libcpp-0.14.jar
7fdd24955000-7fdd24956000 r--s 00003000 08:01 707829                     /home/prajeeva/.gradle/wrapper/dists/gradle-4.1-all/bzyivzo6n839fup2jbap0tjew/gradle-4.1/lib/native-platform-freebsd-i386-libstdcpp-0.14.jar
7fdd24956000-7fdd24957000 r--s 00002000 08:01 707830                     /home/prajeeva/.gradle/wrapper/dists/gradle-4.1-all/bzyivzo6n839fup2jbap0tjew/gradle-4.1/lib/native-platform-linux-amd64-0.14.jar
7fdd24957000-7fdd24958000 r--s 00002000 08:01 707831                     /home/prajeeva/.gradle/wrapper/dists/gradle-4.1-all/bzyivzo6n839fup2jbap0tjew/gradle-4.1/lib/native-platform-linux-i386-0.14.jar
7fdd24958000-7fdd2495a000 r--s 00002000 08:01 707832                     /home/prajeeva/.gradle/wrapper/dists/gradle-4.1-all/bzyivzo6n839fup2jbap0tjew/gradle-4.1/lib/native-platform-osx-amd64-0.14.jar
7fdd2495a000-7fdd2495b000 r--s 00003000 08:01 707833                     /home/prajeeva/.gradle/wrapper/dists/gradle-4.1-all/bzyivzo6n839fup2jbap0tjew/gradle-4.1/lib/native-platform-osx-i386-0.14.jar
7fdd2495b000-7fdd2495d000 r--s 0000b000 08:01 707834                     /home/prajeeva/.gradle/wrapper/dists/gradle-4.1-all/bzyivzo6n839fup2jbap0tjew/gradle-4.1/lib/native-platform-windows-amd64-0.14.jar
7fdd2495d000-7fdd2495e000 r--s 0000b000 08:01 707835                     /home/prajeeva/.gradle/wrapper/dists/gradle-4.1-all/bzyivzo6n839fup2jbap0tjew/gradle-4.1/lib/native-platform-windows-i386-0.14.jar
7fdd2495e000-7fdd2495f000 r--s 00001000 08:01 707836                     /home/prajeeva/.gradle/wrapper/dists/gradle-4.1-all/bzyivzo6n839fup2jbap0tjew/gradle-4.1/lib/native-platform-linux-amd64-ncurses5-0.14.jar
7fdd2495f000-7fdd24960000 r--s 00001000 08:01 707837                     /home/prajeeva/.gradle/wrapper/dists/gradle-4.1-all/bzyivzo6n839fup2jbap0tjew/gradle-4.1/lib/native-platform-linux-amd64-ncurses6-0.14.jar
7fdd24960000-7fdd24961000 r--s 00001000 08:01 707838                     /home/prajeeva/.gradle/wrapper/dists/gradle-4.1-all/bzyivzo6n839fup2jbap0tjew/gradle-4.1/lib/native-platform-linux-i386-ncurses5-0.14.jar
7fdd24961000-7fdd24962000 r--s 00001000 08:01 707839                     /home/prajeeva/.gradle/wrapper/dists/gradle-4.1-all/bzyivzo6n839fup2jbap0tjew/gradle-4.1/lib/native-platform-linux-i386-ncurses6-0.14.jar
7fdd24962000-7fdd24966000 r--s 00012000 08:01 707822                     /home/prajeeva/.gradle/wrapper/dists/gradle-4.1-all/bzyivzo6n839fup2jbap0tjew/gradle-4.1/lib/native-platform-0.14.jar
7fdd24966000-7fdd24969000 r--s 0000c000 08:01 707798                     /home/prajeeva/.gradle/wrapper/dists/gradle-4.1-all/bzyivzo6n839fup2jbap0tjew/gradle-4.1/lib/gradle-native-4.1.jar
7fdd24969000-7fdd2496b000 r--s 0000f000 08:01 707806                     /home/prajeeva/.gradle/wrapper/dists/gradle-4.1-all/bzyivzo6n839fup2jbap0tjew/gradle-4.1/lib/reflectasm-1.07-shaded.jar
7fdd2496b000-7fdd2496d000 r--s 00000000 08:01 707840                     /home/prajeeva/.gradle/wrapper/dists/gradle-4.1-all/bzyivzo6n839fup2jbap0tjew/gradle-4.1/lib/minlog-1.2.jar
7fdd2496d000-7fdd2496f000 r--s 00007000 08:01 707841                     /home/prajeeva/.gradle/wrapper/dists/gradle-4.1-all/bzyivzo6n839fup2jbap0tjew/gradle-4.1/lib/objenesis-1.2.jar
7fdd2496f000-7fdd24973000 r--s 00026000 08:01 707805                     /home/prajeeva/.gradle/wrapper/dists/gradle-4.1-all/bzyivzo6n839fup2jbap0tjew/gradle-4.1/lib/kryo-2.20.jar
7fdd24973000-7fdd24979000 r--s 0002b000 08:01 707802                     /home/prajeeva/.gradle/wrapper/dists/gradle-4.1-all/bzyivzo6n839fup2jbap0tjew/gradle-4.1/lib/gradle-messaging-4.1.jar
7fdd24979000-7fdd2497b000 r--s 00006000 08:01 707796                     /home/prajeeva/.gradle/wrapper/dists/gradle-4.1-all/bzyivzo6n839fup2jbap0tjew/gradle-4.1/lib/gradle-process-services-4.1.jar
7fdd2497b000-7fdd2497d000 r--s 00000000 08:01 707794                     /home/prajeeva/.gradle/wrapper/dists/gradle-4.1-all/bzyivzo6n839fup2jbap0tjew/gradle-4.1/lib/gradle-jvm-services-4.1.jar
7fdd2497d000-7fdd24982000 r--s 00041000 08:01 707816                     /home/prajeeva/.gradle/wrapper/dists/gradle-4.1-all/bzyivzo6n839fup2jbap0tjew/gradle-4.1/lib/commons-lang-2.6.jar
7fdd24982000-7fdd24985000 r--s 00006000 08:01 707815                     /home/prajeeva/.gradle/wrapper/dists/gradle-4.1-all/bzyivzo6n839fup2jbap0tjew/gradle-4.1/lib/jsr305-1.3.9.jar
7fdd24985000-7fdd249ad000 r--s 001cf000 08:01 707813                     /home/prajeeva/.gradle/wrapper/dists/gradle-4.1-all/bzyivzo6n839fup2jbap0tjew/gradle-4.1/lib/guava-jdk5-17.0.jar
7fdd249ad000-7fdd249b1000 r--s 00027000 08:01 707808                     /home/prajeeva/.gradle/wrapper/dists/gradle-4.1-all/bzyivzo6n839fup2jbap0tjew/gradle-4.1/lib/commons-io-2.2.jar
7fdd249b1000-7fdd249b9000 r--s 000bd000 08:01 707807                     /home/prajeeva/.gradle/wrapper/dists/gradle-4.1-all/bzyivzo6n839fup2jbap0tjew/gradle-4.1/lib/asm-debug-all-6.0_ALPHA.jar
7fdd249b9000-7fdd249d8000 r--s 001d1000 08:01 707819                     /home/prajeeva/.gradle/wrapper/dists/gradle-4.1-all/bzyivzo6n839fup2jbap0tjew/gradle-4.1/lib/ant-1.9.6.jar
7fdd249d8000-7fdd249e4000 r--s 00053000 08:01 707803                     /home/prajeeva/.gradle/wrapper/dists/gradle-4.1-all/bzyivzo6n839fup2jbap0tjew/gradle-4.1/lib/gradle-base-services-4.1.jar
7fdd249e4000-7fdd24a2e000 r--s 00253000 08:01 707793                     /home/prajeeva/.gradle/wrapper/dists/gradle-4.1-all/bzyivzo6n839fup2jbap0tjew/gradle-4.1/lib/gradle-core-4.1.jar
7fdd24a2e000-7fdd24a3a000 r--s 0005c000 08:01 707788                     /home/prajeeva/.gradle/wrapper/dists/gradle-4.1-all/bzyivzo6n839fup2jbap0tjew/gradle-4.1/lib/gradle-launcher-4.1.jar
7fdd24a3a000-7fdd24a55000 r--s 001d6000 08:01 1071896                    /usr/lib/jvm/java-8-openjdk-amd64/jre/lib/ext/nashorn.jar
7fdd24a55000-7fdd24a5f000 r--s 00116000 08:01 1071897                    /usr/lib/jvm/java-8-openjdk-amd64/jre/lib/ext/localedata.jar
7fdd24a5f000-7fdd24a7a000 r--s 00394000 08:01 1071895                    /usr/lib/jvm/java-8-openjdk-amd64/jre/lib/ext/cldrdata.jar
7fdd24a7a000-7fdd24a7b000 ---p 00000000 00:00 0 
7fdd24a7b000-7fdd24b7b000 rw-p 00000000 00:00 0 
7fdd24b7b000-7fdd24b7e000 ---p 00000000 00:00 0 
7fdd24b7e000-7fdd24c7c000 rw-p 00000000 00:00 0 
7fdd24c7c000-7fdd24c7f000 ---p 00000000 00:00 0 
7fdd24c7f000-7fdd24d7d000 rw-p 00000000 00:00 0 
7fdd24d7d000-7fdd24d80000 ---p 00000000 00:00 0 
7fdd24d80000-7fdd24e7e000 rw-p 00000000 00:00 0 
7fdd24e7e000-7fdd24e81000 ---p 00000000 00:00 0 
7fdd24e81000-7fdd24f7f000 rw-p 00000000 00:00 0 
7fdd24f7f000-7fdd25257000 r--p 00000000 08:01 7999                       /usr/lib/locale/locale-archive
7fdd25257000-7fdd2525a000 ---p 00000000 00:00 0 
7fdd2525a000-7fdd25358000 rw-p 00000000 00:00 0 
7fdd25358000-7fdd2535b000 ---p 00000000 00:00 0 
7fdd2535b000-7fdd25459000 rw-p 00000000 00:00 0 
7fdd25459000-7fdd2545a000 ---p 00000000 00:00 0 
7fdd2545a000-7fdd25e63000 rw-p 00000000 00:00 0 
7fdd25e63000-7fdd26031000 r--s 03c13000 08:01 1071893                    /usr/lib/jvm/java-8-openjdk-amd64/jre/lib/rt.jar
7fdd26031000-7fdd28aa7000 rw-p 00000000 00:00 0 
7fdd28aa7000-7fdd28aa8000 ---p 00000000 00:00 0 
7fdd28aa8000-7fdd28ba8000 rw-p 00000000 00:00 0 
7fdd28ba8000-7fdd28ba9000 ---p 00000000 00:00 0 
7fdd28ba9000-7fdd28cd2000 rw-p 00000000 00:00 0 
7fdd28cd2000-7fdd28dff000 ---p 00000000 00:00 0 
7fdd28dff000-7fdd28e28000 rw-p 00000000 00:00 0 
7fdd28e28000-7fdd28f54000 ---p 00000000 00:00 0 
7fdd28f54000-7fdd28f78000 rw-p 00000000 00:00 0 
7fdd28f78000-7fdd28fff000 ---p 00000000 00:00 0 
7fdd28fff000-7fdd29000000 rw-p 00000000 00:00 0 
7fdd29000000-7fdd29540000 rwxp 00000000 00:00 0 
7fdd29540000-7fdd38000000 ---p 00000000 00:00 0 
7fdd38000000-7fdd38c5b000 rw-p 00000000 00:00 0 
7fdd38c5b000-7fdd3c000000 ---p 00000000 00:00 0 
7fdd3c000000-7fdd3c001000 r--s 00000000 08:01 707817                     /home/prajeeva/.gradle/wrapper/dists/gradle-4.1-all/bzyivzo6n839fup2jbap0tjew/gradle-4.1/lib/jcip-annotations-1.0.jar
7fdd3c001000-7fdd3c085000 rw-p 00000000 00:00 0 
7fdd3c085000-7fdd3c430000 ---p 00000000 00:00 0 
7fdd3c430000-7fdd3c438000 r-xp 00000000 08:01 1071920                    /usr/lib/jvm/java-8-openjdk-amd64/jre/lib/amd64/libzip.so
7fdd3c438000-7fdd3c637000 ---p 00008000 08:01 1071920                    /usr/lib/jvm/java-8-openjdk-amd64/jre/lib/amd64/libzip.so
7fdd3c637000-7fdd3c638000 r--p 00007000 08:01 1071920                    /usr/lib/jvm/java-8-openjdk-amd64/jre/lib/amd64/libzip.so
7fdd3c638000-7fdd3c639000 rw-p 00008000 08:01 1071920                    /usr/lib/jvm/java-8-openjdk-amd64/jre/lib/amd64/libzip.so
7fdd3c639000-7fdd3c644000 r-xp 00000000 08:01 924749                     /lib/x86_64-linux-gnu/libnss_files-2.23.so
7fdd3c644000-7fdd3c843000 ---p 0000b000 08:01 924749                     /lib/x86_64-linux-gnu/libnss_files-2.23.so
7fdd3c843000-7fdd3c844000 r--p 0000a000 08:01 924749                     /lib/x86_64-linux-gnu/libnss_files-2.23.so
7fdd3c844000-7fdd3c845000 rw-p 0000b000 08:01 924749                     /lib/x86_64-linux-gnu/libnss_files-2.23.so
7fdd3c845000-7fdd3c84b000 rw-p 00000000 00:00 0 
7fdd3c84b000-7fdd3c856000 r-xp 00000000 08:01 925108                     /lib/x86_64-linux-gnu/libnss_nis-2.23.so
7fdd3c856000-7fdd3ca55000 ---p 0000b000 08:01 925108                     /lib/x86_64-linux-gnu/libnss_nis-2.23.so
7fdd3ca55000-7fdd3ca56000 r--p 0000a000 08:01 925108                     /lib/x86_64-linux-gnu/libnss_nis-2.23.so
7fdd3ca56000-7fdd3ca57000 rw-p 0000b000 08:01 925108                     /lib/x86_64-linux-gnu/libnss_nis-2.23.so
7fdd3ca57000-7fdd3ca6d000 r-xp 00000000 08:01 923765                     /lib/x86_64-linux-gnu/libnsl-2.23.so
7fdd3ca6d000-7fdd3cc6c000 ---p 00016000 08:01 923765                     /lib/x86_64-linux-gnu/libnsl-2.23.so
7fdd3cc6c000-7fdd3cc6d000 r--p 00015000 08:01 923765                     /lib/x86_64-linux-gnu/libnsl-2.23.so
7fdd3cc6d000-7fdd3cc6e000 rw-p 00016000 08:01 923765                     /lib/x86_64-linux-gnu/libnsl-2.23.so
7fdd3cc6e000-7fdd3cc70000 rw-p 00000000 00:00 0 
7fdd3cc70000-7fdd3cc78000 r-xp 00000000 08:01 925115                     /lib/x86_64-linux-gnu/libnss_compat-2.23.so
7fdd3cc78000-7fdd3ce77000 ---p 00008000 08:01 925115                     /lib/x86_64-linux-gnu/libnss_compat-2.23.so
7fdd3ce77000-7fdd3ce78000 r--p 00007000 08:01 925115                     /lib/x86_64-linux-gnu/libnss_compat-2.23.so
7fdd3ce78000-7fdd3ce79000 rw-p 00008000 08:01 925115                     /lib/x86_64-linux-gnu/libnss_compat-2.23.so
7fdd3ce79000-7fdd3cea6000 r-xp 00000000 08:01 1071935                    /usr/lib/jvm/java-8-openjdk-amd64/jre/lib/amd64/libjava.so
7fdd3cea6000-7fdd3d0a5000 ---p 0002d000 08:01 1071935                    /usr/lib/jvm/java-8-openjdk-amd64/jre/lib/amd64/libjava.so
7fdd3d0a5000-7fdd3d0a6000 r--p 0002c000 08:01 1071935                    /usr/lib/jvm/java-8-openjdk-amd64/jre/lib/amd64/libjava.so
7fdd3d0a6000-7fdd3d0a8000 rw-p 0002d000 08:01 1071935                    /usr/lib/jvm/java-8-openjdk-amd64/jre/lib/amd64/libjava.so
7fdd3d0a8000-7fdd3d0b7000 r-xp 00000000 08:01 1071913                    /usr/lib/jvm/java-8-openjdk-amd64/jre/lib/amd64/libverify.so
7fdd3d0b7000-7fdd3d2b6000 ---p 0000f000 08:01 1071913                    /usr/lib/jvm/java-8-openjdk-amd64/jre/lib/amd64/libverify.so
7fdd3d2b6000-7fdd3d2b8000 r--p 0000e000 08:01 1071913                    /usr/lib/jvm/java-8-openjdk-amd64/jre/lib/amd64/libverify.so
7fdd3d2b8000-7fdd3d2b9000 rw-p 00010000 08:01 1071913                    /usr/lib/jvm/java-8-openjdk-amd64/jre/lib/amd64/libverify.so
7fdd3d2b9000-7fdd3d2c0000 r-xp 00000000 08:01 925111                     /lib/x86_64-linux-gnu/librt-2.23.so
7fdd3d2c0000-7fdd3d4bf000 ---p 00007000 08:01 925111                     /lib/x86_64-linux-gnu/librt-2.23.so
7fdd3d4bf000-7fdd3d4c0000 r--p 00006000 08:01 925111                     /lib/x86_64-linux-gnu/librt-2.23.so
7fdd3d4c0000-7fdd3d4c1000 rw-p 00007000 08:01 925111                     /lib/x86_64-linux-gnu/librt-2.23.so
7fdd3d4c1000-7fdd3d4d7000 r-xp 00000000 08:01 923082                     /lib/x86_64-linux-gnu/libgcc_s.so.1
7fdd3d4d7000-7fdd3d6d6000 ---p 00016000 08:01 923082                     /lib/x86_64-linux-gnu/libgcc_s.so.1
7fdd3d6d6000-7fdd3d6d7000 rw-p 00015000 08:01 923082                     /lib/x86_64-linux-gnu/libgcc_s.so.1
7fdd3d6d7000-7fdd3d7df000 r-xp 00000000 08:01 925120                     /lib/x86_64-linux-gnu/libm-2.23.so
7fdd3d7df000-7fdd3d9de000 ---p 00108000 08:01 925120                     /lib/x86_64-linux-gnu/libm-2.23.so
7fdd3d9de000-7fdd3d9df000 r--p 00107000 08:01 925120                     /lib/x86_64-linux-gnu/libm-2.23.so
7fdd3d9df000-7fdd3d9e0000 rw-p 00108000 08:01 925120                     /lib/x86_64-linux-gnu/libm-2.23.so
7fdd3d9e0000-7fdd3db52000 r-xp 00000000 08:01 10736                      /usr/lib/x86_64-linux-gnu/libstdc++.so.6.0.21
7fdd3db52000-7fdd3dd52000 ---p 00172000 08:01 10736                      /usr/lib/x86_64-linux-gnu/libstdc++.so.6.0.21
7fdd3dd52000-7fdd3dd5c000 r--p 00172000 08:01 10736                      /usr/lib/x86_64-linux-gnu/libstdc++.so.6.0.21
7fdd3dd5c000-7fdd3dd5e000 rw-p 0017c000 08:01 10736                      /usr/lib/x86_64-linux-gnu/libstdc++.so.6.0.21
7fdd3dd5e000-7fdd3dd62000 rw-p 00000000 00:00 0 
7fdd3dd62000-7fdd3e9b6000 r-xp 00000000 08:01 1071919                    /usr/lib/jvm/java-8-openjdk-amd64/jre/lib/amd64/server/libjvm.so
7fdd3e9b6000-7fdd3ebb6000 ---p 00c54000 08:01 1071919                    /usr/lib/jvm/java-8-openjdk-amd64/jre/lib/amd64/server/libjvm.so
7fdd3ebb6000-7fdd3ec49000 r--p 00c54000 08:01 1071919                    /usr/lib/jvm/java-8-openjdk-amd64/jre/lib/amd64/server/libjvm.so
7fdd3ec49000-7fdd3ec72000 rw-p 00ce7000 08:01 1071919                    /usr/lib/jvm/java-8-openjdk-amd64/jre/lib/amd64/server/libjvm.so
7fdd3ec72000-7fdd3eca2000 rw-p 00000000 00:00 0 
7fdd3eca2000-7fdd3ecba000 r-xp 00000000 08:01 925107                     /lib/x86_64-linux-gnu/libpthread-2.23.so
7fdd3ecba000-7fdd3eeb9000 ---p 00018000 08:01 925107                     /lib/x86_64-linux-gnu/libpthread-2.23.so
7fdd3eeb9000-7fdd3eeba000 r--p 00017000 08:01 925107                     /lib/x86_64-linux-gnu/libpthread-2.23.so
7fdd3eeba000-7fdd3eebb000 rw-p 00018000 08:01 925107                     /lib/x86_64-linux-gnu/libpthread-2.23.so
7fdd3eebb000-7fdd3eebf000 rw-p 00000000 00:00 0 
7fdd3eebf000-7fdd3eec2000 r-xp 00000000 08:01 925114                     /lib/x86_64-linux-gnu/libdl-2.23.so
7fdd3eec2000-7fdd3f0c1000 ---p 00003000 08:01 925114                     /lib/x86_64-linux-gnu/libdl-2.23.so
7fdd3f0c1000-7fdd3f0c2000 r--p 00002000 08:01 925114                     /lib/x86_64-linux-gnu/libdl-2.23.so
7fdd3f0c2000-7fdd3f0c3000 rw-p 00003000 08:01 925114                     /lib/x86_64-linux-gnu/libdl-2.23.so
7fdd3f0c3000-7fdd3f0dc000 r-xp 00000000 08:01 923235                     /lib/x86_64-linux-gnu/libz.so.1.2.8
7fdd3f0dc000-7fdd3f2db000 ---p 00019000 08:01 923235                     /lib/x86_64-linux-gnu/libz.so.1.2.8
7fdd3f2db000-7fdd3f2dc000 r--p 00018000 08:01 923235                     /lib/x86_64-linux-gnu/libz.so.1.2.8
7fdd3f2dc000-7fdd3f2dd000 rw-p 00019000 08:01 923235                     /lib/x86_64-linux-gnu/libz.so.1.2.8
7fdd3f2dd000-7fdd3f49d000 r-xp 00000000 08:01 925125                     /lib/x86_64-linux-gnu/libc-2.23.so
7fdd3f49d000-7fdd3f69d000 ---p 001c0000 08:01 925125                     /lib/x86_64-linux-gnu/libc-2.23.so
7fdd3f69d000-7fdd3f6a1000 r--p 001c0000 08:01 925125                     /lib/x86_64-linux-gnu/libc-2.23.so
7fdd3f6a1000-7fdd3f6a3000 rw-p 001c4000 08:01 925125                     /lib/x86_64-linux-gnu/libc-2.23.so
7fdd3f6a3000-7fdd3f6a7000 rw-p 00000000 00:00 0 
7fdd3f6a7000-7fdd3f6b4000 r-xp 00000000 08:01 1071911                    /usr/lib/jvm/java-8-openjdk-amd64/jre/lib/amd64/jli/libjli.so
7fdd3f6b4000-7fdd3f8b4000 ---p 0000d000 08:01 1071911                    /usr/lib/jvm/java-8-openjdk-amd64/jre/lib/amd64/jli/libjli.so
7fdd3f8b4000-7fdd3f8b5000 r--p 0000d000 08:01 1071911                    /usr/lib/jvm/java-8-openjdk-amd64/jre/lib/amd64/jli/libjli.so
7fdd3f8b5000-7fdd3f8b6000 rw-p 0000e000 08:01 1071911                    /usr/lib/jvm/java-8-openjdk-amd64/jre/lib/amd64/jli/libjli.so
7fdd3f8b6000-7fdd3f8dc000 r-xp 00000000 08:01 924202                     /lib/x86_64-linux-gnu/ld-2.23.so
7fdd3f8dc000-7fdd3f8dd000 r--s 00007000 08:01 707812                     /home/prajeeva/.gradle/wrapper/dists/gradle-4.1-all/bzyivzo6n839fup2jbap0tjew/gradle-4.1/lib/slf4j-api-1.7.10.jar
7fdd3f8dd000-7fdd3f8e1000 r--s 00037000 08:01 1071898                    /usr/lib/jvm/java-8-openjdk-amd64/jre/lib/ext/sunpkcs11.jar
7fdd3f8e1000-7fdd3f9ba000 rw-p 00000000 00:00 0 
7fdd3f9ba000-7fdd3f9bd000 ---p 00000000 00:00 0 
7fdd3f9bd000-7fdd3fac0000 rw-p 00000000 00:00 0 
7fdd3fac0000-7fdd3fac1000 r--s 00004000 08:01 707825                     /home/prajeeva/.gradle/wrapper/dists/gradle-4.1-all/bzyivzo6n839fup2jbap0tjew/gradle-4.1/lib/ant-launcher-1.9.6.jar
7fdd3fac1000-7fdd3fac6000 r--s 0003b000 08:01 1071901                    /usr/lib/jvm/java-8-openjdk-amd64/jre/lib/ext/sunjce_provider.jar
7fdd3fac6000-7fdd3fac8000 r--s 00001000 08:01 1071899                    /usr/lib/jvm/java-8-openjdk-amd64/jre/lib/ext/dnsns.jar
7fdd3fac8000-7fdd3facb000 r--s 0000f000 08:01 1071902                    /usr/lib/jvm/java-8-openjdk-amd64/jre/lib/ext/icedtea-sound.jar
7fdd3facb000-7fdd3facc000 r--s 00010000 08:01 1071904                    /usr/lib/jvm/java-8-openjdk-amd64/jre/lib/ext/zipfs.jar
7fdd3facc000-7fdd3facd000 r--s 0000a000 08:01 1071900                    /usr/lib/jvm/java-8-openjdk-amd64/jre/lib/ext/jaccess.jar
7fdd3facd000-7fdd3facf000 r--s 00008000 08:01 1071903                    /usr/lib/jvm/java-8-openjdk-amd64/jre/lib/ext/sunec.jar
7fdd3facf000-7fdd3fad7000 rw-s 00000000 08:01 1327179                    /tmp/hsperfdata_prajeeva/47820
7fdd3fad7000-7fdd3fad8000 rw-p 00000000 00:00 0 
7fdd3fad8000-7fdd3fad9000 ---p 00000000 00:00 0 
7fdd3fad9000-7fdd3fadb000 rw-p 00000000 00:00 0 
7fdd3fadb000-7fdd3fadc000 r--p 00025000 08:01 924202                     /lib/x86_64-linux-gnu/ld-2.23.so
7fdd3fadc000-7fdd3fadd000 rw-p 00026000 08:01 924202                     /lib/x86_64-linux-gnu/ld-2.23.so
7fdd3fadd000-7fdd3fade000 rw-p 00000000 00:00 0 
7ffdf633b000-7ffdf635c000 rw-p 00000000 00:00 0                          [stack]
7ffdf63b1000-7ffdf63b3000 r--p 00000000 00:00 0                          [vvar]
7ffdf63b3000-7ffdf63b5000 r-xp 00000000 00:00 0                          [vdso]
ffffffffff600000-ffffffffff601000 r-xp 00000000 00:00 0                  [vsyscall]

VM Arguments:
jvm_args: -XX:+HeapDumpOnOutOfMemoryError -Xmx1024m -Dfile.encoding=UTF-8 -Duser.country=US -Duser.language=en -Duser.variant 
java_command: org.gradle.launcher.daemon.bootstrap.GradleDaemon 4.1
java_class_path (initial): /home/prajeeva/.gradle/wrapper/dists/gradle-4.1-all/bzyivzo6n839fup2jbap0tjew/gradle-4.1/lib/gradle-launcher-4.1.jar
Launcher Type: SUN_STANDARD

Environment Variables:
PATH=.:/home/prajeeva/bin:/home/prajeeva/.local/bin:/usr/local/sbin:/usr/local/bin:/usr/sbin:/usr/bin:/sbin:/bin:/usr/games:/usr/local/games:/snap/bin
LD_LIBRARY_PATH=/home/prajeeva/PCApps/idea-IC-172.3544.35/bin:
SHELL=/bin/bash
DISPLAY=:0

Signal Handlers:
SIGSEGV: [libjvm.so+0xa6ad10], sa_mask[0]=11111111011111111101111111111110, sa_flags=SA_RESTART|SA_SIGINFO
SIGBUS: [libjvm.so+0xa6ad10], sa_mask[0]=11111111011111111101111111111110, sa_flags=SA_RESTART|SA_SIGINFO
SIGFPE: [libjvm.so+0x8b3bc0], sa_mask[0]=11111111011111111101111111111110, sa_flags=SA_RESTART|SA_SIGINFO
SIGPIPE: [libjvm.so+0x8b3bc0], sa_mask[0]=11111111011111111101111111111110, sa_flags=SA_RESTART|SA_SIGINFO
SIGXFSZ: [libjvm.so+0x8b3bc0], sa_mask[0]=11111111011111111101111111111110, sa_flags=SA_RESTART|SA_SIGINFO
SIGILL: [libjvm.so+0x8b3bc0], sa_mask[0]=11111111011111111101111111111110, sa_flags=SA_RESTART|SA_SIGINFO
SIGUSR1: SIG_DFL, sa_mask[0]=00000000000000000000000000000000, sa_flags=none
SIGUSR2: [libjvm.so+0x8b3a70], sa_mask[0]=00100000000000000000000000000000, sa_flags=SA_RESTART|SA_SIGINFO
SIGHUP: [libjvm.so+0x8b3f40], sa_mask[0]=11111111011111111101111111111110, sa_flags=SA_RESTART|SA_SIGINFO
SIGINT: [libjvm.so+0x8b3f40], sa_mask[0]=11111111011111111101111111111110, sa_flags=SA_RESTART|SA_SIGINFO
SIGTERM: [libjvm.so+0x8b3f40], sa_mask[0]=11111111011111111101111111111110, sa_flags=SA_RESTART|SA_SIGINFO
SIGQUIT: [libjvm.so+0x8b3f40], sa_mask[0]=11111111011111111101111111111110, sa_flags=SA_RESTART|SA_SIGINFO


---------------  S Y S T E M  ---------------

OS:DISTRIB_ID=Ubuntu
DISTRIB_RELEASE=16.04
DISTRIB_CODENAME=xenial
DISTRIB_DESCRIPTION="Ubuntu 16.04.2 LTS"

uname:Linux 4.10.0-32-generic #36~16.04.1-Ubuntu SMP Wed Aug 9 09:19:02 UTC 2017 x86_64
libc:glibc 2.23 NPTL 2.23 
rlimit: STACK 8192k, CORE 0k, NPROC 30918, NOFILE 65536, AS infinity
load average:1.55 1.29 0.99

/proc/meminfo:
MemTotal:        7959644 kB
MemFree:          128672 kB
MemAvailable:      29552 kB
Buffers:            1572 kB
Cached:            47328 kB
SwapCached:            0 kB
Active:          7085892 kB
Inactive:          35112 kB
Active(anon):    7073836 kB
Inactive(anon):    23740 kB
Active(file):      12056 kB
Inactive(file):    11372 kB
Unevictable:        1316 kB
Mlocked:            1316 kB
SwapTotal:             0 kB
SwapFree:              0 kB
Dirty:               280 kB
Writeback:             0 kB
AnonPages:       7073716 kB
Mapped:            29536 kB
Shmem:             25232 kB
Slab:             151888 kB
SReclaimable:      50556 kB
SUnreclaim:       101332 kB
KernelStack:       17456 kB
PageTables:        47396 kB
NFS_Unstable:          0 kB
Bounce:                0 kB
WritebackTmp:          0 kB
CommitLimit:     3979820 kB
Committed_AS:   11496904 kB
VmallocTotal:   34359738367 kB
VmallocUsed:           0 kB
VmallocChunk:          0 kB
HardwareCorrupted:     0 kB
AnonHugePages:   3975168 kB
ShmemHugePages:        0 kB
ShmemPmdMapped:        0 kB
CmaTotal:              0 kB
CmaFree:               0 kB
HugePages_Total:       0
HugePages_Free:        0
HugePages_Rsvd:        0
HugePages_Surp:        0
Hugepagesize:       2048 kB
DirectMap4k:      395072 kB
DirectMap2M:     7796736 kB


CPU:total 2 (initial active 2) (1 cores per cpu, 1 threads per core) family 6 model 58 stepping 9, cmov, cx8, fxsr, mmx, sse, sse2, sse3, ssse3, sse4.1, sse4.2, popcnt, avx, aes, clmul, erms, tsc, tscinvbit, tscinv

/proc/cpuinfo:
processor	: 0
vendor_id	: GenuineIntel
cpu family	: 6
model		: 58
model name	: Intel(R) Core(TM) i7-3720QM CPU @ 2.60GHz
stepping	: 9
microcode	: 0x15
cpu MHz		: 2592.886
cache size	: 6144 KB
physical id	: 0
siblings	: 1
core id		: 0
cpu cores	: 1
apicid		: 0
initial apicid	: 0
fpu		: yes
fpu_exception	: yes
cpuid level	: 13
wp		: yes
flags		: fpu vme de pse tsc msr pae mce cx8 apic sep mtrr pge mca cmov pat pse36 clflush dts mmx fxsr sse sse2 ss syscall nx rdtscp lm constant_tsc arch_perfmon pebs bts nopl xtopology tsc_reliable nonstop_tsc aperfmperf pni pclmulqdq vmx ssse3 cx16 pcid sse4_1 sse4_2 x2apic popcnt tsc_deadline_timer aes xsave avx f16c rdrand hypervisor lahf_lm epb tpr_shadow vnmi ept vpid fsgsbase tsc_adjust smep dtherm ida arat pln pts
bugs		:
bogomips	: 5185.77
clflush size	: 64
cache_alignment	: 64
address sizes	: 42 bits physical, 48 bits virtual
power management:

processor	: 1
vendor_id	: GenuineIntel
cpu family	: 6
model		: 58
model name	: Intel(R) Core(TM) i7-3720QM CPU @ 2.60GHz
stepping	: 9
microcode	: 0x15
cpu MHz		: 2592.886
cache size	: 6144 KB
physical id	: 2
siblings	: 1
core id		: 0
cpu cores	: 1
apicid		: 2
initial apicid	: 2
fpu		: yes
fpu_exception	: yes
cpuid level	: 13
wp		: yes
flags		: fpu vme de pse tsc msr pae mce cx8 apic sep mtrr pge mca cmov pat pse36 clflush dts mmx fxsr sse sse2 ss syscall nx rdtscp lm constant_tsc arch_perfmon pebs bts nopl xtopology tsc_reliable nonstop_tsc aperfmperf pni pclmulqdq vmx ssse3 cx16 pcid sse4_1 sse4_2 x2apic popcnt tsc_deadline_timer aes xsave avx f16c rdrand hypervisor lahf_lm epb tpr_shadow vnmi ept vpid fsgsbase tsc_adjust smep dtherm ida arat pln pts
bugs		:
bogomips	: 5185.77
clflush size	: 64
cache_alignment	: 64
address sizes	: 42 bits physical, 48 bits virtual
power management:



Memory: 4k page, physical 7959644k(128672k free), swap 0k(0k free)

vm_info: OpenJDK 64-Bit Server VM (25.131-b11) for linux-amd64 JRE (1.8.0_131-8u131-b11-2ubuntu1.16.04.3-b11), built on Jul 28 2017 01:23:32 by "buildd" with gcc 5.4.0 20160609

time: Sun Aug 20 20:53:03 2017
elapsed time: 5 seconds (0d 0h 0m 5s)

